<?xml version="1.0" encoding="UTF-8"?>
<testsuites name="RunAutoBill" time="14.383" tests="2" failures="2" errors="0">
   <testsuite name="RunAutoBill" tests="2" failures="2" errors="0" time="14.383" skipped="0" timestamp="2022-12-21 09:26:32" hostname="00139711 - L210605145W10.MAYBANK-MY.MBB.DIR" id="Test Suites/RunAutoBill">
      <properties>
         <property name="deviceName" value="OPPO CPH1823 (Android 10)"/>
         <property name="devicePlatform" value=""/>
         <property name="logFolder" value="D:\\Users\\00139711\\Documents\\Katalons\\RPP\\Reports\\20221221_092625\\RunAutoBill\\20221221_092625"/>
         <property name="logFiles" value="D:\\Users\\00139711\\Documents\\Katalons\\RPP\\Reports\\20221221_092625\\RunAutoBill\\20221221_092625\\appium.log, D:\\Users\\00139711\\Documents\\Katalons\\RPP\\Reports\\20221221_092625\\RunAutoBill\\20221221_092625\\execution0.log"/>
         <property name="attachments" value=""/>
         <property name="hostName" value="00139711 - L210605145W10.MAYBANK-MY.MBB.DIR"/>
         <property name="os" value="Windows 10 64bit"/>
         <property name="katalonVersion" value="8.5.1.208"/>
         <property name="deviceOS" value="Android"/>
         <property name="deviceModel" value="CPH1823"/>
         <property name="hostAddress" value="172.25.130.201"/>
         <property name="deviceManufacturer" value="OPPO"/>
         <property name="deviceId" value="N7U869LV456D5S8L"/>
         <property name="deviceName" value="OPPO CPH1823 (Android 10)"/>
         <property name="deviceOSVersion" value="10"/>
      </properties>
      <testcase name="Test Cases/B. QuickRun" time="10.572" classname="Test Cases/B. QuickRun" status="FAILED">
         <failure type="FAILED" message="Test Cases/B. QuickRun FAILED.
Reason:
com.kms.katalon.core.exception.StepFailedException: Unable to call Test Case 'Test Cases/A. Start' (Root cause: com.kms.katalon.core.exception.StepFailedException: Call Test Case 'Test Cases/A. Start' failed
	at com.kms.katalon.core.keyword.builtin.CallTestCaseKeyword$_callTestCase_closure1.doCall(CallTestCaseKeyword.groovy:63)
	at com.kms.katalon.core.keyword.builtin.CallTestCaseKeyword$_callTestCase_closure1.call(CallTestCaseKeyword.groovy)
	at com.kms.katalon.core.keyword.internal.KeywordMain.runKeyword(KeywordMain.groovy:74)
	at com.kms.katalon.core.keyword.builtin.CallTestCaseKeyword.callTestCase(CallTestCaseKeyword.groovy:81)
	at com.kms.katalon.core.keyword.builtin.CallTestCaseKeyword.execute(CallTestCaseKeyword.groovy:44)
	at com.kms.katalon.core.keyword.internal.KeywordExecutor.executeKeywordForPlatform(KeywordExecutor.groovy:74)
	at com.kms.katalon.core.keyword.BuiltinKeywords.callTestCase(BuiltinKeywords.groovy:334)
	at B. QuickRun.run(B. QuickRun:20)
	at com.kms.katalon.core.main.ScriptEngine.run(ScriptEngine.java:194)
	at com.kms.katalon.core.main.ScriptEngine.runScriptAsRawText(ScriptEngine.java:119)
	at com.kms.katalon.core.main.TestCaseExecutor.runScript(TestCaseExecutor.java:448)
	at com.kms.katalon.core.main.TestCaseExecutor.doExecute(TestCaseExecutor.java:439)
	at com.kms.katalon.core.main.TestCaseExecutor.processExecutionPhase(TestCaseExecutor.java:418)
	at com.kms.katalon.core.main.TestCaseExecutor.accessMainPhase(TestCaseExecutor.java:410)
	at com.kms.katalon.core.main.TestCaseExecutor.execute(TestCaseExecutor.java:285)
	at com.kms.katalon.core.common.CommonExecutor.accessTestCaseMainPhase(CommonExecutor.java:65)
	at com.kms.katalon.core.main.TestSuiteExecutor.accessTestSuiteMainPhase(TestSuiteExecutor.java:151)
	at com.kms.katalon.core.main.TestSuiteExecutor.execute(TestSuiteExecutor.java:106)
	at com.kms.katalon.core.main.TestCaseMain.startTestSuite(TestCaseMain.java:185)
	at com.kms.katalon.core.main.TestCaseMain$startTestSuite$0.call(Unknown Source)
	at TempTestSuite1671585985110.run(TempTestSuite1671585985110.groovy:36)
Caused by: com.kms.katalon.core.exception.StepFailedException: Unable to start app with application ID: 'com.maybank2u.life.dev' (Root cause: org.openqa.selenium.SessionNotCreatedException: Unable to create a new remote session. Please check the server log for more details. Original error: An unknown server-side error occurred while processing the command. Original error: Error executing adbExec. Original error: 'Command 'C:\\Users\\00139711\\.katalon\\tools\\android_sdk\\platform-tools\\adb.exe -P 5037 -s N7U869LV456D5S8L shell 'settings delete global hidden_api_policy_pre_p_apps;settings delete global hidden_api_policy_p_apps;settings delete global hidden_api_policy'' exited with code 255'; Command output: Security exception: Permission denial: writing to settings requires:android.permission.WRITE_SECURE_SETTINGS

java.lang.SecurityException: Permission denial: writing to settings requires:android.permission.WRITE_SECURE_SETTINGS
	at com.android.providers.settings.SettingsProvider.enforceWritePermission(SettingsProvider.java:2295)
	at com.android.providers.settings.SettingsProvider.mutateGlobalSetting(SettingsProvider.java:1370)
	at com.android.providers.settings.SettingsProvider.deleteGlobalSetting(SettingsProvider.java:1353)
	at com.android.providers.settings.SettingsProvider.call(SettingsProvider.java:582)
	at android.content.ContentProvider.call(ContentProvider.java:2162)
	at android.content.ContentProvider$Transport.call(ContentProvider.java:481)
	at com.android.providers.settings.SettingsService$MyShellCommand.deleteForUser(SettingsService.java:399)
	at com.android.providers.settings.SettingsService$MyShellCommand.onCommand(SettingsService.java:281)
	at android.os.ShellCommand.exec(ShellCommand.java:104)
	at com.android.providers.settings.SettingsService.onShellCommand(SettingsService.java:49)
	at android.os.Binder.shellCommand(Binder.java:881)
	at android.os.Binder.onTransact(Binder.java:765)
	at android.os.Binder.execTransactInternal(Binder.java:1021)
	at android.os.Binder.execTransact(Binder.java:994)
Security exception: Permission denial: writing to settings requires:android.permission.WRITE_SECURE_SETTINGS

java.lang.SecurityException: Permission denial: writing to settings requires:android.permission.WRITE_SECURE_SETTINGS
	at com.android.providers.settings.SettingsProvider.enforceWritePermission(SettingsProvider.java:2295)
	at com.android.providers.settings.SettingsProvider.mutateGlobalSetting(SettingsProvider.java:1370)
	at com.android.providers.settings.SettingsProvider.deleteGlobalSetting(SettingsProvider.java:1353)
	at com.android.providers.settings.SettingsProvider.call(SettingsProvider.java:582)
	at android.content.ContentProvider.call(ContentProvider.java:2162)
	at android.content.ContentProvider$Transport.call(ContentProvider.java:481)
	at com.android.providers.settings.SettingsService$MyShellCommand.deleteForUser(SettingsService.java:399)
	at com.android.providers.settings.SettingsService$MyShellCommand.onCommand(SettingsService.java:281)
	at android.os.ShellCommand.exec(ShellCommand.java:104)
	at com.android.providers.settings.SettingsService.onShellCommand(SettingsService.java:49)
	at android.os.Binder.shellCommand(Binder.java:881)
	at android.os.Binder.onTransact(Binder.java:765)
	at android.os.Binder.execTransactInternal(Binder.java:1021)
	at android.os.Binder.execTransact(Binder.java:994)
Security exception: Permission denial: writing to settings requires:android.permission.WRITE_SECURE_SETTINGS

java.lang.SecurityException: Permission denial: writing to settings requires:android.permission.WRITE_SECURE_SETTINGS
	at com.android.providers.settings.SettingsProvider.enforceWritePermission(SettingsProvider.java:2295)
	at com.android.providers.settings.SettingsProvider.mutateGlobalSetting(SettingsProvider.java:1370)
	at com.android.providers.settings.SettingsProvider.deleteGlobalSetting(SettingsProvider.java:1353)
	at com.android.providers.settings.SettingsProvider.call(SettingsProvider.java:582)
	at android.content.ContentProvider.call(ContentProvider.java:2162)
	at android.content.ContentProvider$Transport.call(ContentProvider.java:481)
	at com.android.providers.settings.SettingsService$MyShellCommand.deleteForUser(SettingsService.java:399)
	at com.android.providers.settings.SettingsService$MyShellCommand.onCommand(SettingsService.java:281)
	at android.os.ShellCommand.exec(ShellCommand.java:104)
	at com.android.providers.settings.SettingsService.onShellCommand(SettingsService.java:49)
	at android.os.Binder.shellCommand(Binder.java:881)
	at android.os.Binder.onTransact(Binder.java:765)
	at android.os.Binder.execTransactInternal(Binder.java:1021)
	at android.os.Binder.execTransact(Binder.java:994)

Build info: version: '3.141.59', revision: 'e82be7d358', time: '2018-11-14T08:25:53'
System info: host: 'L210605145W10', ip: '172.25.130.201', os.name: 'Windows 10', os.arch: 'amd64', os.version: '10.0', java.version: '1.8.0_282'
Driver info: driver.version: MobileDriverFactory$startMobileDriver
remote stacktrace: UnknownError: An unknown server-side error occurred while processing the command. Original error: Error executing adbExec. Original error: 'Command 'C:\\Users\\00139711\\.katalon\\tools\\android_sdk\\platform-tools\\adb.exe -P 5037 -s N7U869LV456D5S8L shell 'settings delete global hidden_api_policy_pre_p_apps;settings delete global hidden_api_policy_p_apps;settings delete global hidden_api_policy'' exited with code 255'; Command output: Security exception: Permission denial: writing to settings requires:android.permission.WRITE_SECURE_SETTINGS

java.lang.SecurityException: Permission denial: writing to settings requires:android.permission.WRITE_SECURE_SETTINGS
	at com.android.providers.settings.SettingsProvider.enforceWritePermission(SettingsProvider.java:2295)
	at com.android.providers.settings.SettingsProvider.mutateGlobalSetting(SettingsProvider.java:1370)
	at com.android.providers.settings.SettingsProvider.deleteGlobalSetting(SettingsProvider.java:1353)
	at com.android.providers.settings.SettingsProvider.call(SettingsProvider.java:582)
	at android.content.ContentProvider.call(ContentProvider.java:2162)
	at android.content.ContentProvider$Transport.call(ContentProvider.java:481)
	at com.android.providers.settings.SettingsService$MyShellCommand.deleteForUser(SettingsService.java:399)
	at com.android.providers.settings.SettingsService$MyShellCommand.onCommand(SettingsService.java:281)
	at android.os.ShellCommand.exec(ShellCommand.java:104)
	at com.android.providers.settings.SettingsService.onShellCommand(SettingsService.java:49)
	at android.os.Binder.shellCommand(Binder.java:881)
	at android.os.Binder.onTransact(Binder.java:765)
	at android.os.Binder.execTransactInternal(Binder.java:1021)
	at android.os.Binder.execTransact(Binder.java:994)
Security exception: Permission denial: writing to settings requires:android.permission.WRITE_SECURE_SETTINGS

java.lang.SecurityException: Permission denial: writing to settings requires:android.permission.WRITE_SECURE_SETTINGS
	at com.android.providers.settings.SettingsProvider.enforceWritePermission(SettingsProvider.java:2295)
	at com.android.providers.settings.SettingsProvider.mutateGlobalSetting(SettingsProvider.java:1370)
	at com.android.providers.settings.SettingsProvider.deleteGlobalSetting(SettingsProvider.java:1353)
	at com.android.providers.settings.SettingsProvider.call(SettingsProvider.java:582)
	at android.content.ContentProvider.call(ContentProvider.java:2162)
	at android.content.ContentProvider$Transport.call(ContentProvider.java:481)
	at com.android.providers.settings.SettingsService$MyShellCommand.deleteForUser(SettingsService.java:399)
	at com.android.providers.settings.SettingsService$MyShellCommand.onCommand(SettingsService.java:281)
	at android.os.ShellCommand.exec(ShellCommand.java:104)
	at com.android.providers.settings.SettingsService.onShellCommand(SettingsService.java:49)
	at android.os.Binder.shellCommand(Binder.java:881)
	at android.os.Binder.onTransact(Binder.java:765)
	at android.os.Binder.execTransactInternal(Binder.java:1021)
	at android.os.Binder.execTransact(Binder.java:994)
Security exception: Permission denial: writing to settings requires:android.permission.WRITE_SECURE_SETTINGS

java.lang.SecurityException: Permission denial: writing to settings requires:android.permission.WRITE_SECURE_SETTINGS
	at com.android.providers.settings.SettingsProvider.enforceWritePermission(SettingsProvider.java:2295)
	at com.android.providers.settings.SettingsProvider.mutateGlobalSetting(SettingsProvider.java:1370)
	at com.android.providers.settings.SettingsProvider.deleteGlobalSetting(SettingsProvider.java:1353)
	at com.android.providers.settings.SettingsProvider.call(SettingsProvider.java:582)
	at android.content.ContentProvider.call(ContentProvider.java:2162)
	at android.content.ContentProvider$Transport.call(ContentProvider.java:481)
	at com.android.providers.settings.SettingsService$MyShellCommand.deleteForUser(SettingsService.java:399)
	at com.android.providers.settings.SettingsService$MyShellCommand.onCommand(SettingsService.java:281)
	at android.os.ShellCommand.exec(ShellCommand.java:104)
	at com.android.providers.settings.SettingsService.onShellCommand(SettingsService.java:49)
	at android.os.Binder.shellCommand(Binder.java:881)
	at android.os.Binder.onTransact(Binder.java:765)
	at android.os.Binder.execTransactInternal(Binder.java:1021)
	at android.os.Binder.execTransact(Binder.java:994)

    at getResponseForW3CError (C:\Users\00139711\AppData\Roaming\npm\node_modules\appium\node_modules\appium-base-driver\lib\protocol\errors.js:804:9)
    at asyncHandler (C:\Users\00139711\AppData\Roaming\npm\node_modules\appium\node_modules\appium-base-driver\lib\protocol\protocol.js:380:37)
Build info: version: '3.141.59', revision: 'e82be7d358', time: '2018-11-14T08:25:53'
System info: host: 'L210605145W10', ip: '172.25.130.201', os.name: 'Windows 10', os.arch: 'amd64', os.version: '10.0', java.version: '1.8.0_282'
Driver info: driver.version: MobileDriverFactory$startMobileDriver
	at io.appium.java_client.remote.AppiumCommandExecutor$1.createSession(AppiumCommandExecutor.java:208)
	at io.appium.java_client.remote.AppiumCommandExecutor.createSession(AppiumCommandExecutor.java:217)
	at io.appium.java_client.remote.AppiumCommandExecutor.execute(AppiumCommandExecutor.java:239)
	at org.openqa.selenium.remote.RemoteWebDriver.execute(RemoteWebDriver.java:552)
	at io.appium.java_client.DefaultGenericMobileDriver.execute(DefaultGenericMobileDriver.java:42)
	at io.appium.java_client.AppiumDriver.execute(AppiumDriver.java:1)
	at io.appium.java_client.android.AndroidDriver.execute(AndroidDriver.java:1)
	at com.kms.katalon.core.appium.driver.SwipeableAndroidDriver.execute(SwipeableAndroidDriver.java:1)
	at org.openqa.selenium.remote.RemoteWebDriver.startSession(RemoteWebDriver.java:213)
	at org.openqa.selenium.remote.RemoteWebDriver.&lt;init>(RemoteWebDriver.java:131)
	at io.appium.java_client.DefaultGenericMobileDriver.&lt;init>(DefaultGenericMobileDriver.java:38)
	at io.appium.java_client.AppiumDriver.&lt;init>(AppiumDriver.java:84)
	at io.appium.java_client.android.AndroidDriver.&lt;init>(AndroidDriver.java:85)
	at com.kms.katalon.core.appium.driver.SwipeableAndroidDriver.&lt;init>(SwipeableAndroidDriver.java:24)
	at com.kms.katalon.core.appium.driver.AppiumDriverManager.createMobileDriver(AppiumDriverManager.java:503)
	at com.kms.katalon.core.appium.driver.AppiumDriverManager.createMobileDriver(AppiumDriverManager.java:485)
	at com.kms.katalon.core.mobile.keyword.internal.MobileDriverFactory.startMobileDriver(MobileDriverFactory.java:417)
	at com.kms.katalon.core.mobile.keyword.internal.MobileDriverFactory$startMobileDriver.call(Unknown Source)
	at com.kms.katalon.core.mobile.keyword.builtin.StartExistingApplicationKeyword$_startApplication_closure1.doCall(StartExistingApplicationKeyword.groovy:40)
	at com.kms.katalon.core.mobile.keyword.builtin.StartExistingApplicationKeyword$_startApplication_closure1.doCall(StartExistingApplicationKeyword.groovy)
	at com.kms.katalon.core.mobile.keyword.internal.MobileKeywordMain.runKeyword(MobileKeywordMain.groovy:21)
	at com.kms.katalon.core.mobile.keyword.internal.MobileKeywordMain$runKeyword.call(Unknown Source)
	at com.kms.katalon.core.mobile.keyword.builtin.StartExistingApplicationKeyword.startApplication(StartExistingApplicationKeyword.groovy:43)
	at com.kms.katalon.core.mobile.keyword.builtin.StartExistingApplicationKeyword.execute(StartExistingApplicationKeyword.groovy:34)
	at com.kms.katalon.core.keyword.internal.KeywordExecutor.executeKeywordForPlatform(KeywordExecutor.groovy:74)
	at com.kms.katalon.core.mobile.keyword.MobileBuiltInKeywords.startExistingApplication(MobileBuiltInKeywords.groovy:113)
	at com.kms.katalon.core.mobile.keyword.MobileBuiltInKeywords$startExistingApplication.call(Unknown Source)
	at A. Start.run(A. Start:24)
	at com.kms.katalon.core.main.ScriptEngine.run(ScriptEngine.java:194)
	at com.kms.katalon.core.main.ScriptEngine.runScriptAsRawText(ScriptEngine.java:119)
	at com.kms.katalon.core.main.TestCaseExecutor.runScript(TestCaseExecutor.java:448)
	at com.kms.katalon.core.main.TestCaseExecutor.doExecute(TestCaseExecutor.java:439)
	at com.kms.katalon.core.main.TestCaseExecutor.processExecutionPhase(TestCaseExecutor.java:418)
	at com.kms.katalon.core.main.TestCaseExecutor.accessMainPhase(TestCaseExecutor.java:410)
	at com.kms.katalon.core.main.TestCaseExecutor.execute(TestCaseExecutor.java:285)
	at com.kms.katalon.core.main.TestCaseMain.runTestCase(TestCaseMain.java:142)
	at com.kms.katalon.core.keyword.builtin.CallTestCaseKeyword$_callTestCase_closure1.doCall(CallTestCaseKeyword.groovy:59)
	at com.kms.katalon.core.keyword.builtin.CallTestCaseKeyword$_callTestCase_closure1.call(CallTestCaseKeyword.groovy)
	at com.kms.katalon.core.keyword.internal.KeywordMain.runKeyword(KeywordMain.groovy:74)
	at com.kms.katalon.core.keyword.builtin.CallTestCaseKeyword.callTestCase(CallTestCaseKeyword.groovy:81)
	at com.kms.katalon.core.keyword.builtin.CallTestCaseKeyword.execute(CallTestCaseKeyword.groovy:44)
	at com.kms.katalon.core.keyword.internal.KeywordExecutor.executeKeywordForPlatform(KeywordExecutor.groovy:74)
	at com.kms.katalon.core.keyword.BuiltinKeywords.callTestCase(BuiltinKeywords.groovy:334)
	at B. QuickRun.run(B. QuickRun:20)
	at com.kms.katalon.core.main.ScriptEngine.run(ScriptEngine.java:194)
	at com.kms.katalon.core.main.ScriptEngine.runScriptAsRawText(ScriptEngine.java:119)
	at com.kms.katalon.core.main.TestCaseExecutor.runScript(TestCaseExecutor.java:448)
	at com.kms.katalon.core.main.TestCaseExecutor.doExecute(TestCaseExecutor.java:439)
	at com.kms.katalon.core.main.TestCaseExecutor.processExecutionPhase(TestCaseExecutor.java:418)
	at com.kms.katalon.core.main.TestCaseExecutor.accessMainPhase(TestCaseExecutor.java:410)
	at com.kms.katalon.core.main.TestCaseExecutor.execute(TestCaseExecutor.java:285)
	at com.kms.katalon.core.common.CommonExecutor.accessTestCaseMainPhase(CommonExecutor.java:65)
	at com.kms.katalon.core.main.TestSuiteExecutor.accessTestSuiteMainPhase(TestSuiteExecutor.java:151)
	at com.kms.katalon.core.main.TestSuiteExecutor.execute(TestSuiteExecutor.java:106)
	at com.kms.katalon.core.main.TestCaseMain.startTestSuite(TestCaseMain.java:185)
	at com.kms.katalon.core.main.TestCaseMain$startTestSuite$0.call(Unknown Source)
	at TempTestSuite1671585985110.run(TempTestSuite1671585985110.groovy:36)
Caused by: java.lang.reflect.InvocationTargetException
	at io.appium.java_client.remote.AppiumCommandExecutor$1.createSession(AppiumCommandExecutor.java:186)
	at io.appium.java_client.remote.AppiumCommandExecutor.createSession(AppiumCommandExecutor.java:217)
	at io.appium.java_client.remote.AppiumCommandExecutor.execute(AppiumCommandExecutor.java:239)
	at org.openqa.selenium.remote.RemoteWebDriver.execute(RemoteWebDriver.java:552)
	at io.appium.java_client.DefaultGenericMobileDriver.execute(DefaultGenericMobileDriver.java:42)
	at io.appium.java_client.AppiumDriver.execute(AppiumDriver.java:1)
	at io.appium.java_client.android.AndroidDriver.execute(AndroidDriver.java:1)
	at com.kms.katalon.core.appium.driver.SwipeableAndroidDriver.execute(SwipeableAndroidDriver.java:1)
	at org.openqa.selenium.remote.RemoteWebDriver.startSession(RemoteWebDriver.java:213)
	at org.openqa.selenium.remote.RemoteWebDriver.&lt;init>(RemoteWebDriver.java:131)
	at io.appium.java_client.DefaultGenericMobileDriver.&lt;init>(DefaultGenericMobileDriver.java:38)
	at io.appium.java_client.AppiumDriver.&lt;init>(AppiumDriver.java:84)
	at io.appium.java_client.android.AndroidDriver.&lt;init>(AndroidDriver.java:85)
	at com.kms.katalon.core.appium.driver.SwipeableAndroidDriver.&lt;init>(SwipeableAndroidDriver.java:24)
	at com.kms.katalon.core.appium.driver.AppiumDriverManager.createMobileDriver(AppiumDriverManager.java:503)
	at com.kms.katalon.core.appium.driver.AppiumDriverManager.createMobileDriver(AppiumDriverManager.java:485)
	at com.kms.katalon.core.mobile.keyword.internal.MobileDriverFactory.startMobileDriver(MobileDriverFactory.java:417)
	at com.kms.katalon.core.mobile.keyword.internal.MobileDriverFactory$startMobileDriver.call(Unknown Source)
	at com.kms.katalon.core.mobile.keyword.builtin.StartExistingApplicationKeyword$_startApplication_closure1.doCall(StartExistingApplicationKeyword.groovy:40)
	at com.kms.katalon.core.mobile.keyword.builtin.StartExistingApplicationKeyword$_startApplication_closure1.doCall(StartExistingApplicationKeyword.groovy)
	at com.kms.katalon.core.mobile.keyword.internal.MobileKeywordMain.runKeyword(MobileKeywordMain.groovy:21)
	at com.kms.katalon.core.mobile.keyword.internal.MobileKeywordMain$runKeyword.call(Unknown Source)
	at com.kms.katalon.core.mobile.keyword.builtin.StartExistingApplicationKeyword.startApplication(StartExistingApplicationKeyword.groovy:43)
	at com.kms.katalon.core.mobile.keyword.builtin.StartExistingApplicationKeyword.execute(StartExistingApplicationKeyword.groovy:34)
	at com.kms.katalon.core.keyword.internal.KeywordExecutor.executeKeywordForPlatform(KeywordExecutor.groovy:74)
	at com.kms.katalon.core.mobile.keyword.MobileBuiltInKeywords.startExistingApplication(MobileBuiltInKeywords.groovy:113)
	at com.kms.katalon.core.mobile.keyword.MobileBuiltInKeywords$startExistingApplication.call(Unknown Source)
	at Script1671002817762.run(Script1671002817762.groovy:24)
	at com.kms.katalon.core.main.ScriptEngine.run(ScriptEngine.java:194)
	at com.kms.katalon.core.main.ScriptEngine.runScriptAsRawText(ScriptEngine.java:119)
	at com.kms.katalon.core.main.TestCaseExecutor.runScript(TestCaseExecutor.java:448)
	at com.kms.katalon.core.main.TestCaseExecutor.doExecute(TestCaseExecutor.java:439)
	at com.kms.katalon.core.main.TestCaseExecutor.processExecutionPhase(TestCaseExecutor.java:418)
	at com.kms.katalon.core.main.TestCaseExecutor.accessMainPhase(TestCaseExecutor.java:410)
	at com.kms.katalon.core.main.TestCaseExecutor.execute(TestCaseExecutor.java:285)
	at com.kms.katalon.core.main.TestCaseMain.runTestCase(TestCaseMain.java:142)
	at com.kms.katalon.core.keyword.builtin.CallTestCaseKeyword$_callTestCase_closure1.doCall(CallTestCaseKeyword.groovy:59)
	at com.kms.katalon.core.keyword.builtin.CallTestCaseKeyword$_callTestCase_closure1.call(CallTestCaseKeyword.groovy)
	at com.kms.katalon.core.keyword.internal.KeywordMain.runKeyword(KeywordMain.groovy:74)
	at com.kms.katalon.core.keyword.builtin.CallTestCaseKeyword.callTestCase(CallTestCaseKeyword.groovy:81)
	at com.kms.katalon.core.keyword.builtin.CallTestCaseKeyword.execute(CallTestCaseKeyword.groovy:44)
	at com.kms.katalon.core.keyword.internal.KeywordExecutor.executeKeywordForPlatform(KeywordExecutor.groovy:74)
	at com.kms.katalon.core.keyword.BuiltinKeywords.callTestCase(BuiltinKeywords.groovy:334)
	at Script1671002811921.run(Script1671002811921.groovy:20)
	... 13 more
Caused by: org.openqa.selenium.WebDriverException: An unknown server-side error occurred while processing the command. Original error: Error executing adbExec. Original error: 'Command 'C:\\Users\\00139711\\.katalon\\tools\\android_sdk\\platform-tools\\adb.exe -P 5037 -s N7U869LV456D5S8L shell 'settings delete global hidden_api_policy_pre_p_apps;settings delete global hidden_api_policy_p_apps;settings delete global hidden_api_policy'' exited with code 255'; Command output: Security exception: Permission denial: writing to settings requires:android.permission.WRITE_SECURE_SETTINGS

java.lang.SecurityException: Permission denial: writing to settings requires:android.permission.WRITE_SECURE_SETTINGS
	at com.android.providers.settings.SettingsProvider.enforceWritePermission(SettingsProvider.java:2295)
	at com.android.providers.settings.SettingsProvider.mutateGlobalSetting(SettingsProvider.java:1370)
	at com.android.providers.settings.SettingsProvider.deleteGlobalSetting(SettingsProvider.java:1353)
	at com.android.providers.settings.SettingsProvider.call(SettingsProvider.java:582)
	at android.content.ContentProvider.call(ContentProvider.java:2162)
	at android.content.ContentProvider$Transport.call(ContentProvider.java:481)
	at com.android.providers.settings.SettingsService$MyShellCommand.deleteForUser(SettingsService.java:399)
	at com.android.providers.settings.SettingsService$MyShellCommand.onCommand(SettingsService.java:281)
	at android.os.ShellCommand.exec(ShellCommand.java:104)
	at com.android.providers.settings.SettingsService.onShellCommand(SettingsService.java:49)
	at android.os.Binder.shellCommand(Binder.java:881)
	at android.os.Binder.onTransact(Binder.java:765)
	at android.os.Binder.execTransactInternal(Binder.java:1021)
	at android.os.Binder.execTransact(Binder.java:994)
Security exception: Permission denial: writing to settings requires:android.permission.WRITE_SECURE_SETTINGS

java.lang.SecurityException: Permission denial: writing to settings requires:android.permission.WRITE_SECURE_SETTINGS
	at com.android.providers.settings.SettingsProvider.enforceWritePermission(SettingsProvider.java:2295)
	at com.android.providers.settings.SettingsProvider.mutateGlobalSetting(SettingsProvider.java:1370)
	at com.android.providers.settings.SettingsProvider.deleteGlobalSetting(SettingsProvider.java:1353)
	at com.android.providers.settings.SettingsProvider.call(SettingsProvider.java:582)
	at android.content.ContentProvider.call(ContentProvider.java:2162)
	at android.content.ContentProvider$Transport.call(ContentProvider.java:481)
	at com.android.providers.settings.SettingsService$MyShellCommand.deleteForUser(SettingsService.java:399)
	at com.android.providers.settings.SettingsService$MyShellCommand.onCommand(SettingsService.java:281)
	at android.os.ShellCommand.exec(ShellCommand.java:104)
	at com.android.providers.settings.SettingsService.onShellCommand(SettingsService.java:49)
	at android.os.Binder.shellCommand(Binder.java:881)
	at android.os.Binder.onTransact(Binder.java:765)
	at android.os.Binder.execTransactInternal(Binder.java:1021)
	at android.os.Binder.execTransact(Binder.java:994)
Security exception: Permission denial: writing to settings requires:android.permission.WRITE_SECURE_SETTINGS

java.lang.SecurityException: Permission denial: writing to settings requires:android.permission.WRITE_SECURE_SETTINGS
	at com.android.providers.settings.SettingsProvider.enforceWritePermission(SettingsProvider.java:2295)
	at com.android.providers.settings.SettingsProvider.mutateGlobalSetting(SettingsProvider.java:1370)
	at com.android.providers.settings.SettingsProvider.deleteGlobalSetting(SettingsProvider.java:1353)
	at com.android.providers.settings.SettingsProvider.call(SettingsProvider.java:582)
	at android.content.ContentProvider.call(ContentProvider.java:2162)
	at android.content.ContentProvider$Transport.call(ContentProvider.java:481)
	at com.android.providers.settings.SettingsService$MyShellCommand.deleteForUser(SettingsService.java:399)
	at com.android.providers.settings.SettingsService$MyShellCommand.onCommand(SettingsService.java:281)
	at android.os.ShellCommand.exec(ShellCommand.java:104)
	at com.android.providers.settings.SettingsService.onShellCommand(SettingsService.java:49)
	at android.os.Binder.shellCommand(Binder.java:881)
	at android.os.Binder.onTransact(Binder.java:765)
	at android.os.Binder.execTransactInternal(Binder.java:1021)
	at android.os.Binder.execTransact(Binder.java:994)

Build info: version: '3.141.59', revision: 'e82be7d358', time: '2018-11-14T08:25:53'
System info: host: 'L210605145W10', ip: '172.25.130.201', os.name: 'Windows 10', os.arch: 'amd64', os.version: '10.0', java.version: '1.8.0_282'
Driver info: driver.version: MobileDriverFactory$startMobileDriver
remote stacktrace: UnknownError: An unknown server-side error occurred while processing the command. Original error: Error executing adbExec. Original error: 'Command 'C:\\Users\\00139711\\.katalon\\tools\\android_sdk\\platform-tools\\adb.exe -P 5037 -s N7U869LV456D5S8L shell 'settings delete global hidden_api_policy_pre_p_apps;settings delete global hidden_api_policy_p_apps;settings delete global hidden_api_policy'' exited with code 255'; Command output: Security exception: Permission denial: writing to settings requires:android.permission.WRITE_SECURE_SETTINGS

java.lang.SecurityException: Permission denial: writing to settings requires:android.permission.WRITE_SECURE_SETTINGS
	at com.android.providers.settings.SettingsProvider.enforceWritePermission(SettingsProvider.java:2295)
	at com.android.providers.settings.SettingsProvider.mutateGlobalSetting(SettingsProvider.java:1370)
	at com.android.providers.settings.SettingsProvider.deleteGlobalSetting(SettingsProvider.java:1353)
	at com.android.providers.settings.SettingsProvider.call(SettingsProvider.java:582)
	at android.content.ContentProvider.call(ContentProvider.java:2162)
	at android.content.ContentProvider$Transport.call(ContentProvider.java:481)
	at com.android.providers.settings.SettingsService$MyShellCommand.deleteForUser(SettingsService.java:399)
	at com.android.providers.settings.SettingsService$MyShellCommand.onCommand(SettingsService.java:281)
	at android.os.ShellCommand.exec(ShellCommand.java:104)
	at com.android.providers.settings.SettingsService.onShellCommand(SettingsService.java:49)
	at android.os.Binder.shellCommand(Binder.java:881)
	at android.os.Binder.onTransact(Binder.java:765)
	at android.os.Binder.execTransactInternal(Binder.java:1021)
	at android.os.Binder.execTransact(Binder.java:994)
Security exception: Permission denial: writing to settings requires:android.permission.WRITE_SECURE_SETTINGS

java.lang.SecurityException: Permission denial: writing to settings requires:android.permission.WRITE_SECURE_SETTINGS
	at com.android.providers.settings.SettingsProvider.enforceWritePermission(SettingsProvider.java:2295)
	at com.android.providers.settings.SettingsProvider.mutateGlobalSetting(SettingsProvider.java:1370)
	at com.android.providers.settings.SettingsProvider.deleteGlobalSetting(SettingsProvider.java:1353)
	at com.android.providers.settings.SettingsProvider.call(SettingsProvider.java:582)
	at android.content.ContentProvider.call(ContentProvider.java:2162)
	at android.content.ContentProvider$Transport.call(ContentProvider.java:481)
	at com.android.providers.settings.SettingsService$MyShellCommand.deleteForUser(SettingsService.java:399)
	at com.android.providers.settings.SettingsService$MyShellCommand.onCommand(SettingsService.java:281)
	at android.os.ShellCommand.exec(ShellCommand.java:104)
	at com.android.providers.settings.SettingsService.onShellCommand(SettingsService.java:49)
	at android.os.Binder.shellCommand(Binder.java:881)
	at android.os.Binder.onTransact(Binder.java:765)
	at android.os.Binder.execTransactInternal(Binder.java:1021)
	at android.os.Binder.execTransact(Binder.java:994)
Security exception: Permission denial: writing to settings requires:android.permission.WRITE_SECURE_SETTINGS

java.lang.SecurityException: Permission denial: writing to settings requires:android.permission.WRITE_SECURE_SETTINGS
	at com.android.providers.settings.SettingsProvider.enforceWritePermission(SettingsProvider.java:2295)
	at com.android.providers.settings.SettingsProvider.mutateGlobalSetting(SettingsProvider.java:1370)
	at com.android.providers.settings.SettingsProvider.deleteGlobalSetting(SettingsProvider.java:1353)
	at com.android.providers.settings.SettingsProvider.call(SettingsProvider.java:582)
	at android.content.ContentProvider.call(ContentProvider.java:2162)
	at android.content.ContentProvider$Transport.call(ContentProvider.java:481)
	at com.android.providers.settings.SettingsService$MyShellCommand.deleteForUser(SettingsService.java:399)
	at com.android.providers.settings.SettingsService$MyShellCommand.onCommand(SettingsService.java:281)
	at android.os.ShellCommand.exec(ShellCommand.java:104)
	at com.android.providers.settings.SettingsService.onShellCommand(SettingsService.java:49)
	at android.os.Binder.shellCommand(Binder.java:881)
	at android.os.Binder.onTransact(Binder.java:765)
	at android.os.Binder.execTransactInternal(Binder.java:1021)
	at android.os.Binder.execTransact(Binder.java:994)

    at getResponseForW3CError (C:\Users\00139711\AppData\Roaming\npm\node_modules\appium\node_modules\appium-base-driver\lib\protocol\errors.js:804:9)
    at asyncHandler (C:\Users\00139711\AppData\Roaming\npm\node_modules\appium\node_modules\appium-base-driver\lib\protocol\protocol.js:380:37)
	at org.openqa.selenium.remote.W3CHandshakeResponse.lambda$errorHandler$0(W3CHandshakeResponse.java:62)
	at org.openqa.selenium.remote.HandshakeResponse.lambda$getResponseFunction$0(HandshakeResponse.java:30)
	at org.openqa.selenium.remote.ProtocolHandshake.lambda$createSession$0(ProtocolHandshake.java:126)
	at org.openqa.selenium.remote.ProtocolHandshake.createSession(ProtocolHandshake.java:128)
	... 57 more
)
	at com.kms.katalon.core.keyword.internal.KeywordMain.stepFailed(KeywordMain.groovy:50)
	at com.kms.katalon.core.mobile.keyword.internal.MobileKeywordMain.stepFailed(MobileKeywordMain.groovy:40)
	at com.kms.katalon.core.mobile.keyword.internal.MobileKeywordMain.runKeyword(MobileKeywordMain.groovy:23)
	at com.kms.katalon.core.mobile.keyword.internal.MobileKeywordMain$runKeyword.call(Unknown Source)
	at com.kms.katalon.core.mobile.keyword.builtin.StartExistingApplicationKeyword.startApplication(StartExistingApplicationKeyword.groovy:43)
	at com.kms.katalon.core.mobile.keyword.builtin.StartExistingApplicationKeyword.execute(StartExistingApplicationKeyword.groovy:34)
	at com.kms.katalon.core.keyword.internal.KeywordExecutor.executeKeywordForPlatform(KeywordExecutor.groovy:74)
	at com.kms.katalon.core.mobile.keyword.MobileBuiltInKeywords.startExistingApplication(MobileBuiltInKeywords.groovy:113)
	at com.kms.katalon.core.mobile.keyword.MobileBuiltInKeywords$startExistingApplication.call(Unknown Source)
	at A. Start.run(A. Start:24)
	at com.kms.katalon.core.main.ScriptEngine.run(ScriptEngine.java:194)
	at com.kms.katalon.core.main.ScriptEngine.runScriptAsRawText(ScriptEngine.java:119)
	at com.kms.katalon.core.main.TestCaseExecutor.runScript(TestCaseExecutor.java:448)
	at com.kms.katalon.core.main.TestCaseExecutor.doExecute(TestCaseExecutor.java:439)
	at com.kms.katalon.core.main.TestCaseExecutor.processExecutionPhase(TestCaseExecutor.java:418)
	at com.kms.katalon.core.main.TestCaseExecutor.accessMainPhase(TestCaseExecutor.java:410)
	at com.kms.katalon.core.main.TestCaseExecutor.execute(TestCaseExecutor.java:285)
	at com.kms.katalon.core.main.TestCaseMain.runTestCase(TestCaseMain.java:142)
	at com.kms.katalon.core.keyword.builtin.CallTestCaseKeyword$_callTestCase_closure1.doCall(CallTestCaseKeyword.groovy:59)
	... 20 more
Caused by: org.openqa.selenium.SessionNotCreatedException: Unable to create a new remote session. Please check the server log for more details. Original error: An unknown server-side error occurred while processing the command. Original error: Error executing adbExec. Original error: 'Command 'C:\\Users\\00139711\\.katalon\\tools\\android_sdk\\platform-tools\\adb.exe -P 5037 -s N7U869LV456D5S8L shell 'settings delete global hidden_api_policy_pre_p_apps;settings delete global hidden_api_policy_p_apps;settings delete global hidden_api_policy'' exited with code 255'; Command output: Security exception: Permission denial: writing to settings requires:android.permission.WRITE_SECURE_SETTINGS

java.lang.SecurityException: Permission denial: writing to settings requires:android.permission.WRITE_SECURE_SETTINGS
	at com.android.providers.settings.SettingsProvider.enforceWritePermission(SettingsProvider.java:2295)
	at com.android.providers.settings.SettingsProvider.mutateGlobalSetting(SettingsProvider.java:1370)
	at com.android.providers.settings.SettingsProvider.deleteGlobalSetting(SettingsProvider.java:1353)
	at com.android.providers.settings.SettingsProvider.call(SettingsProvider.java:582)
	at android.content.ContentProvider.call(ContentProvider.java:2162)
	at android.content.ContentProvider$Transport.call(ContentProvider.java:481)
	at com.android.providers.settings.SettingsService$MyShellCommand.deleteForUser(SettingsService.java:399)
	at com.android.providers.settings.SettingsService$MyShellCommand.onCommand(SettingsService.java:281)
	at android.os.ShellCommand.exec(ShellCommand.java:104)
	at com.android.providers.settings.SettingsService.onShellCommand(SettingsService.java:49)
	at android.os.Binder.shellCommand(Binder.java:881)
	at android.os.Binder.onTransact(Binder.java:765)
	at android.os.Binder.execTransactInternal(Binder.java:1021)
	at android.os.Binder.execTransact(Binder.java:994)
Security exception: Permission denial: writing to settings requires:android.permission.WRITE_SECURE_SETTINGS

java.lang.SecurityException: Permission denial: writing to settings requires:android.permission.WRITE_SECURE_SETTINGS
	at com.android.providers.settings.SettingsProvider.enforceWritePermission(SettingsProvider.java:2295)
	at com.android.providers.settings.SettingsProvider.mutateGlobalSetting(SettingsProvider.java:1370)
	at com.android.providers.settings.SettingsProvider.deleteGlobalSetting(SettingsProvider.java:1353)
	at com.android.providers.settings.SettingsProvider.call(SettingsProvider.java:582)
	at android.content.ContentProvider.call(ContentProvider.java:2162)
	at android.content.ContentProvider$Transport.call(ContentProvider.java:481)
	at com.android.providers.settings.SettingsService$MyShellCommand.deleteForUser(SettingsService.java:399)
	at com.android.providers.settings.SettingsService$MyShellCommand.onCommand(SettingsService.java:281)
	at android.os.ShellCommand.exec(ShellCommand.java:104)
	at com.android.providers.settings.SettingsService.onShellCommand(SettingsService.java:49)
	at android.os.Binder.shellCommand(Binder.java:881)
	at android.os.Binder.onTransact(Binder.java:765)
	at android.os.Binder.execTransactInternal(Binder.java:1021)
	at android.os.Binder.execTransact(Binder.java:994)
Security exception: Permission denial: writing to settings requires:android.permission.WRITE_SECURE_SETTINGS

java.lang.SecurityException: Permission denial: writing to settings requires:android.permission.WRITE_SECURE_SETTINGS
	at com.android.providers.settings.SettingsProvider.enforceWritePermission(SettingsProvider.java:2295)
	at com.android.providers.settings.SettingsProvider.mutateGlobalSetting(SettingsProvider.java:1370)
	at com.android.providers.settings.SettingsProvider.deleteGlobalSetting(SettingsProvider.java:1353)
	at com.android.providers.settings.SettingsProvider.call(SettingsProvider.java:582)
	at android.content.ContentProvider.call(ContentProvider.java:2162)
	at android.content.ContentProvider$Transport.call(ContentProvider.java:481)
	at com.android.providers.settings.SettingsService$MyShellCommand.deleteForUser(SettingsService.java:399)
	at com.android.providers.settings.SettingsService$MyShellCommand.onCommand(SettingsService.java:281)
	at android.os.ShellCommand.exec(ShellCommand.java:104)
	at com.android.providers.settings.SettingsService.onShellCommand(SettingsService.java:49)
	at android.os.Binder.shellCommand(Binder.java:881)
	at android.os.Binder.onTransact(Binder.java:765)
	at android.os.Binder.execTransactInternal(Binder.java:1021)
	at android.os.Binder.execTransact(Binder.java:994)

Build info: version: '3.141.59', revision: 'e82be7d358', time: '2018-11-14T08:25:53'
System info: host: 'L210605145W10', ip: '172.25.130.201', os.name: 'Windows 10', os.arch: 'amd64', os.version: '10.0', java.version: '1.8.0_282'
Driver info: driver.version: MobileDriverFactory$startMobileDriver
remote stacktrace: UnknownError: An unknown server-side error occurred while processing the command. Original error: Error executing adbExec. Original error: 'Command 'C:\\Users\\00139711\\.katalon\\tools\\android_sdk\\platform-tools\\adb.exe -P 5037 -s N7U869LV456D5S8L shell 'settings delete global hidden_api_policy_pre_p_apps;settings delete global hidden_api_policy_p_apps;settings delete global hidden_api_policy'' exited with code 255'; Command output: Security exception: Permission denial: writing to settings requires:android.permission.WRITE_SECURE_SETTINGS

java.lang.SecurityException: Permission denial: writing to settings requires:android.permission.WRITE_SECURE_SETTINGS
	at com.android.providers.settings.SettingsProvider.enforceWritePermission(SettingsProvider.java:2295)
	at com.android.providers.settings.SettingsProvider.mutateGlobalSetting(SettingsProvider.java:1370)
	at com.android.providers.settings.SettingsProvider.deleteGlobalSetting(SettingsProvider.java:1353)
	at com.android.providers.settings.SettingsProvider.call(SettingsProvider.java:582)
	at android.content.ContentProvider.call(ContentProvider.java:2162)
	at android.content.ContentProvider$Transport.call(ContentProvider.java:481)
	at com.android.providers.settings.SettingsService$MyShellCommand.deleteForUser(SettingsService.java:399)
	at com.android.providers.settings.SettingsService$MyShellCommand.onCommand(SettingsService.java:281)
	at android.os.ShellCommand.exec(ShellCommand.java:104)
	at com.android.providers.settings.SettingsService.onShellCommand(SettingsService.java:49)
	at android.os.Binder.shellCommand(Binder.java:881)
	at android.os.Binder.onTransact(Binder.java:765)
	at android.os.Binder.execTransactInternal(Binder.java:1021)
	at android.os.Binder.execTransact(Binder.java:994)
Security exception: Permission denial: writing to settings requires:android.permission.WRITE_SECURE_SETTINGS

java.lang.SecurityException: Permission denial: writing to settings requires:android.permission.WRITE_SECURE_SETTINGS
	at com.android.providers.settings.SettingsProvider.enforceWritePermission(SettingsProvider.java:2295)
	at com.android.providers.settings.SettingsProvider.mutateGlobalSetting(SettingsProvider.java:1370)
	at com.android.providers.settings.SettingsProvider.deleteGlobalSetting(SettingsProvider.java:1353)
	at com.android.providers.settings.SettingsProvider.call(SettingsProvider.java:582)
	at android.content.ContentProvider.call(ContentProvider.java:2162)
	at android.content.ContentProvider$Transport.call(ContentProvider.java:481)
	at com.android.providers.settings.SettingsService$MyShellCommand.deleteForUser(SettingsService.java:399)
	at com.android.providers.settings.SettingsService$MyShellCommand.onCommand(SettingsService.java:281)
	at android.os.ShellCommand.exec(ShellCommand.java:104)
	at com.android.providers.settings.SettingsService.onShellCommand(SettingsService.java:49)
	at android.os.Binder.shellCommand(Binder.java:881)
	at android.os.Binder.onTransact(Binder.java:765)
	at android.os.Binder.execTransactInternal(Binder.java:1021)
	at android.os.Binder.execTransact(Binder.java:994)
Security exception: Permission denial: writing to settings requires:android.permission.WRITE_SECURE_SETTINGS

java.lang.SecurityException: Permission denial: writing to settings requires:android.permission.WRITE_SECURE_SETTINGS
	at com.android.providers.settings.SettingsProvider.enforceWritePermission(SettingsProvider.java:2295)
	at com.android.providers.settings.SettingsProvider.mutateGlobalSetting(SettingsProvider.java:1370)
	at com.android.providers.settings.SettingsProvider.deleteGlobalSetting(SettingsProvider.java:1353)
	at com.android.providers.settings.SettingsProvider.call(SettingsProvider.java:582)
	at android.content.ContentProvider.call(ContentProvider.java:2162)
	at android.content.ContentProvider$Transport.call(ContentProvider.java:481)
	at com.android.providers.settings.SettingsService$MyShellCommand.deleteForUser(SettingsService.java:399)
	at com.android.providers.settings.SettingsService$MyShellCommand.onCommand(SettingsService.java:281)
	at android.os.ShellCommand.exec(ShellCommand.java:104)
	at com.android.providers.settings.SettingsService.onShellCommand(SettingsService.java:49)
	at android.os.Binder.shellCommand(Binder.java:881)
	at android.os.Binder.onTransact(Binder.java:765)
	at android.os.Binder.execTransactInternal(Binder.java:1021)
	at android.os.Binder.execTransact(Binder.java:994)

    at getResponseForW3CError (C:\Users\00139711\AppData\Roaming\npm\node_modules\appium\node_modules\appium-base-driver\lib\protocol\errors.js:804:9)
    at asyncHandler (C:\Users\00139711\AppData\Roaming\npm\node_modules\appium\node_modules\appium-base-driver\lib\protocol\protocol.js:380:37)
Build info: version: '3.141.59', revision: 'e82be7d358', time: '2018-11-14T08:25:53'
System info: host: 'L210605145W10', ip: '172.25.130.201', os.name: 'Windows 10', os.arch: 'amd64', os.version: '10.0', java.version: '1.8.0_282'
Driver info: driver.version: MobileDriverFactory$startMobileDriver
	at io.appium.java_client.remote.AppiumCommandExecutor$1.createSession(AppiumCommandExecutor.java:208)
	at io.appium.java_client.remote.AppiumCommandExecutor.createSession(AppiumCommandExecutor.java:217)
	at io.appium.java_client.remote.AppiumCommandExecutor.execute(AppiumCommandExecutor.java:239)
	at org.openqa.selenium.remote.RemoteWebDriver.execute(RemoteWebDriver.java:552)
	at io.appium.java_client.DefaultGenericMobileDriver.execute(DefaultGenericMobileDriver.java:42)
	at io.appium.java_client.AppiumDriver.execute(AppiumDriver.java:1)
	at io.appium.java_client.android.AndroidDriver.execute(AndroidDriver.java:1)
	at com.kms.katalon.core.appium.driver.SwipeableAndroidDriver.execute(SwipeableAndroidDriver.java:1)
	at org.openqa.selenium.remote.RemoteWebDriver.startSession(RemoteWebDriver.java:213)
	at org.openqa.selenium.remote.RemoteWebDriver.&lt;init>(RemoteWebDriver.java:131)
	at io.appium.java_client.DefaultGenericMobileDriver.&lt;init>(DefaultGenericMobileDriver.java:38)
	at io.appium.java_client.AppiumDriver.&lt;init>(AppiumDriver.java:84)
	at io.appium.java_client.android.AndroidDriver.&lt;init>(AndroidDriver.java:85)
	at com.kms.katalon.core.appium.driver.SwipeableAndroidDriver.&lt;init>(SwipeableAndroidDriver.java:24)
	at com.kms.katalon.core.appium.driver.AppiumDriverManager.createMobileDriver(AppiumDriverManager.java:503)
	at com.kms.katalon.core.appium.driver.AppiumDriverManager.createMobileDriver(AppiumDriverManager.java:485)
	at com.kms.katalon.core.mobile.keyword.internal.MobileDriverFactory.startMobileDriver(MobileDriverFactory.java:417)
	at com.kms.katalon.core.mobile.keyword.internal.MobileDriverFactory$startMobileDriver.call(Unknown Source)
	at com.kms.katalon.core.mobile.keyword.builtin.StartExistingApplicationKeyword$_startApplication_closure1.doCall(StartExistingApplicationKeyword.groovy:40)
	at com.kms.katalon.core.mobile.keyword.builtin.StartExistingApplicationKeyword$_startApplication_closure1.doCall(StartExistingApplicationKeyword.groovy)
	at com.kms.katalon.core.mobile.keyword.internal.MobileKeywordMain.runKeyword(MobileKeywordMain.groovy:21)
	... 36 more
Caused by: java.lang.reflect.InvocationTargetException
	at io.appium.java_client.remote.AppiumCommandExecutor$1.createSession(AppiumCommandExecutor.java:186)
	at io.appium.java_client.remote.AppiumCommandExecutor.createSession(AppiumCommandExecutor.java:217)
	at io.appium.java_client.remote.AppiumCommandExecutor.execute(AppiumCommandExecutor.java:239)
	at org.openqa.selenium.remote.RemoteWebDriver.execute(RemoteWebDriver.java:552)
	at io.appium.java_client.DefaultGenericMobileDriver.execute(DefaultGenericMobileDriver.java:42)
	at io.appium.java_client.AppiumDriver.execute(AppiumDriver.java:1)
	at io.appium.java_client.android.AndroidDriver.execute(AndroidDriver.java:1)
	at com.kms.katalon.core.appium.driver.SwipeableAndroidDriver.execute(SwipeableAndroidDriver.java:1)
	at org.openqa.selenium.remote.RemoteWebDriver.startSession(RemoteWebDriver.java:213)
	at org.openqa.selenium.remote.RemoteWebDriver.&lt;init>(RemoteWebDriver.java:131)
	at io.appium.java_client.DefaultGenericMobileDriver.&lt;init>(DefaultGenericMobileDriver.java:38)
	at io.appium.java_client.AppiumDriver.&lt;init>(AppiumDriver.java:84)
	at io.appium.java_client.android.AndroidDriver.&lt;init>(AndroidDriver.java:85)
	at com.kms.katalon.core.appium.driver.SwipeableAndroidDriver.&lt;init>(SwipeableAndroidDriver.java:24)
	at com.kms.katalon.core.appium.driver.AppiumDriverManager.createMobileDriver(AppiumDriverManager.java:503)
	at com.kms.katalon.core.appium.driver.AppiumDriverManager.createMobileDriver(AppiumDriverManager.java:485)
	at com.kms.katalon.core.mobile.keyword.internal.MobileDriverFactory.startMobileDriver(MobileDriverFactory.java:417)
	at com.kms.katalon.core.mobile.keyword.internal.MobileDriverFactory$startMobileDriver.call(Unknown Source)
	at com.kms.katalon.core.mobile.keyword.builtin.StartExistingApplicationKeyword$_startApplication_closure1.doCall(StartExistingApplicationKeyword.groovy:40)
	at com.kms.katalon.core.mobile.keyword.builtin.StartExistingApplicationKeyword$_startApplication_closure1.doCall(StartExistingApplicationKeyword.groovy)
	at com.kms.katalon.core.mobile.keyword.internal.MobileKeywordMain.runKeyword(MobileKeywordMain.groovy:21)
	at com.kms.katalon.core.mobile.keyword.internal.MobileKeywordMain$runKeyword.call(Unknown Source)
	at com.kms.katalon.core.mobile.keyword.builtin.StartExistingApplicationKeyword.startApplication(StartExistingApplicationKeyword.groovy:43)
	at com.kms.katalon.core.mobile.keyword.builtin.StartExistingApplicationKeyword.execute(StartExistingApplicationKeyword.groovy:34)
	at com.kms.katalon.core.keyword.internal.KeywordExecutor.executeKeywordForPlatform(KeywordExecutor.groovy:74)
	at com.kms.katalon.core.mobile.keyword.MobileBuiltInKeywords.startExistingApplication(MobileBuiltInKeywords.groovy:113)
	at com.kms.katalon.core.mobile.keyword.MobileBuiltInKeywords$startExistingApplication.call(Unknown Source)
	at Script1671002817762.run(Script1671002817762.groovy:24)
	at com.kms.katalon.core.main.ScriptEngine.run(ScriptEngine.java:194)
	at com.kms.katalon.core.main.ScriptEngine.runScriptAsRawText(ScriptEngine.java:119)
	at com.kms.katalon.core.main.TestCaseExecutor.runScript(TestCaseExecutor.java:448)
	at com.kms.katalon.core.main.TestCaseExecutor.doExecute(TestCaseExecutor.java:439)
	at com.kms.katalon.core.main.TestCaseExecutor.processExecutionPhase(TestCaseExecutor.java:418)
	at com.kms.katalon.core.main.TestCaseExecutor.accessMainPhase(TestCaseExecutor.java:410)
	at com.kms.katalon.core.main.TestCaseExecutor.execute(TestCaseExecutor.java:285)
	at com.kms.katalon.core.main.TestCaseMain.runTestCase(TestCaseMain.java:142)
	at com.kms.katalon.core.keyword.builtin.CallTestCaseKeyword$_callTestCase_closure1.doCall(CallTestCaseKeyword.groovy:59)
	at com.kms.katalon.core.keyword.builtin.CallTestCaseKeyword$_callTestCase_closure1.call(CallTestCaseKeyword.groovy)
	at com.kms.katalon.core.keyword.internal.KeywordMain.runKeyword(KeywordMain.groovy:74)
	at com.kms.katalon.core.keyword.builtin.CallTestCaseKeyword.callTestCase(CallTestCaseKeyword.groovy:81)
	at com.kms.katalon.core.keyword.builtin.CallTestCaseKeyword.execute(CallTestCaseKeyword.groovy:44)
	at com.kms.katalon.core.keyword.internal.KeywordExecutor.executeKeywordForPlatform(KeywordExecutor.groovy:74)
	at com.kms.katalon.core.keyword.BuiltinKeywords.callTestCase(BuiltinKeywords.groovy:334)
	at Script1671002811921.run(Script1671002811921.groovy:20)
	... 13 more
Caused by: org.openqa.selenium.WebDriverException: An unknown server-side error occurred while processing the command. Original error: Error executing adbExec. Original error: 'Command 'C:\\Users\\00139711\\.katalon\\tools\\android_sdk\\platform-tools\\adb.exe -P 5037 -s N7U869LV456D5S8L shell 'settings delete global hidden_api_policy_pre_p_apps;settings delete global hidden_api_policy_p_apps;settings delete global hidden_api_policy'' exited with code 255'; Command output: Security exception: Permission denial: writing to settings requires:android.permission.WRITE_SECURE_SETTINGS

java.lang.SecurityException: Permission denial: writing to settings requires:android.permission.WRITE_SECURE_SETTINGS
	at com.android.providers.settings.SettingsProvider.enforceWritePermission(SettingsProvider.java:2295)
	at com.android.providers.settings.SettingsProvider.mutateGlobalSetting(SettingsProvider.java:1370)
	at com.android.providers.settings.SettingsProvider.deleteGlobalSetting(SettingsProvider.java:1353)
	at com.android.providers.settings.SettingsProvider.call(SettingsProvider.java:582)
	at android.content.ContentProvider.call(ContentProvider.java:2162)
	at android.content.ContentProvider$Transport.call(ContentProvider.java:481)
	at com.android.providers.settings.SettingsService$MyShellCommand.deleteForUser(SettingsService.java:399)
	at com.android.providers.settings.SettingsService$MyShellCommand.onCommand(SettingsService.java:281)
	at android.os.ShellCommand.exec(ShellCommand.java:104)
	at com.android.providers.settings.SettingsService.onShellCommand(SettingsService.java:49)
	at android.os.Binder.shellCommand(Binder.java:881)
	at android.os.Binder.onTransact(Binder.java:765)
	at android.os.Binder.execTransactInternal(Binder.java:1021)
	at android.os.Binder.execTransact(Binder.java:994)
Security exception: Permission denial: writing to settings requires:android.permission.WRITE_SECURE_SETTINGS

java.lang.SecurityException: Permission denial: writing to settings requires:android.permission.WRITE_SECURE_SETTINGS
	at com.android.providers.settings.SettingsProvider.enforceWritePermission(SettingsProvider.java:2295)
	at com.android.providers.settings.SettingsProvider.mutateGlobalSetting(SettingsProvider.java:1370)
	at com.android.providers.settings.SettingsProvider.deleteGlobalSetting(SettingsProvider.java:1353)
	at com.android.providers.settings.SettingsProvider.call(SettingsProvider.java:582)
	at android.content.ContentProvider.call(ContentProvider.java:2162)
	at android.content.ContentProvider$Transport.call(ContentProvider.java:481)
	at com.android.providers.settings.SettingsService$MyShellCommand.deleteForUser(SettingsService.java:399)
	at com.android.providers.settings.SettingsService$MyShellCommand.onCommand(SettingsService.java:281)
	at android.os.ShellCommand.exec(ShellCommand.java:104)
	at com.android.providers.settings.SettingsService.onShellCommand(SettingsService.java:49)
	at android.os.Binder.shellCommand(Binder.java:881)
	at android.os.Binder.onTransact(Binder.java:765)
	at android.os.Binder.execTransactInternal(Binder.java:1021)
	at android.os.Binder.execTransact(Binder.java:994)
Security exception: Permission denial: writing to settings requires:android.permission.WRITE_SECURE_SETTINGS

java.lang.SecurityException: Permission denial: writing to settings requires:android.permission.WRITE_SECURE_SETTINGS
	at com.android.providers.settings.SettingsProvider.enforceWritePermission(SettingsProvider.java:2295)
	at com.android.providers.settings.SettingsProvider.mutateGlobalSetting(SettingsProvider.java:1370)
	at com.android.providers.settings.SettingsProvider.deleteGlobalSetting(SettingsProvider.java:1353)
	at com.android.providers.settings.SettingsProvider.call(SettingsProvider.java:582)
	at android.content.ContentProvider.call(ContentProvider.java:2162)
	at android.content.ContentProvider$Transport.call(ContentProvider.java:481)
	at com.android.providers.settings.SettingsService$MyShellCommand.deleteForUser(SettingsService.java:399)
	at com.android.providers.settings.SettingsService$MyShellCommand.onCommand(SettingsService.java:281)
	at android.os.ShellCommand.exec(ShellCommand.java:104)
	at com.android.providers.settings.SettingsService.onShellCommand(SettingsService.java:49)
	at android.os.Binder.shellCommand(Binder.java:881)
	at android.os.Binder.onTransact(Binder.java:765)
	at android.os.Binder.execTransactInternal(Binder.java:1021)
	at android.os.Binder.execTransact(Binder.java:994)

Build info: version: '3.141.59', revision: 'e82be7d358', time: '2018-11-14T08:25:53'
System info: host: 'L210605145W10', ip: '172.25.130.201', os.name: 'Windows 10', os.arch: 'amd64', os.version: '10.0', java.version: '1.8.0_282'
Driver info: driver.version: MobileDriverFactory$startMobileDriver
remote stacktrace: UnknownError: An unknown server-side error occurred while processing the command. Original error: Error executing adbExec. Original error: 'Command 'C:\\Users\\00139711\\.katalon\\tools\\android_sdk\\platform-tools\\adb.exe -P 5037 -s N7U869LV456D5S8L shell 'settings delete global hidden_api_policy_pre_p_apps;settings delete global hidden_api_policy_p_apps;settings delete global hidden_api_policy'' exited with code 255'; Command output: Security exception: Permission denial: writing to settings requires:android.permission.WRITE_SECURE_SETTINGS

java.lang.SecurityException: Permission denial: writing to settings requires:android.permission.WRITE_SECURE_SETTINGS
	at com.android.providers.settings.SettingsProvider.enforceWritePermission(SettingsProvider.java:2295)
	at com.android.providers.settings.SettingsProvider.mutateGlobalSetting(SettingsProvider.java:1370)
	at com.android.providers.settings.SettingsProvider.deleteGlobalSetting(SettingsProvider.java:1353)
	at com.android.providers.settings.SettingsProvider.call(SettingsProvider.java:582)
	at android.content.ContentProvider.call(ContentProvider.java:2162)
	at android.content.ContentProvider$Transport.call(ContentProvider.java:481)
	at com.android.providers.settings.SettingsService$MyShellCommand.deleteForUser(SettingsService.java:399)
	at com.android.providers.settings.SettingsService$MyShellCommand.onCommand(SettingsService.java:281)
	at android.os.ShellCommand.exec(ShellCommand.java:104)
	at com.android.providers.settings.SettingsService.onShellCommand(SettingsService.java:49)
	at android.os.Binder.shellCommand(Binder.java:881)
	at android.os.Binder.onTransact(Binder.java:765)
	at android.os.Binder.execTransactInternal(Binder.java:1021)
	at android.os.Binder.execTransact(Binder.java:994)
Security exception: Permission denial: writing to settings requires:android.permission.WRITE_SECURE_SETTINGS

java.lang.SecurityException: Permission denial: writing to settings requires:android.permission.WRITE_SECURE_SETTINGS
	at com.android.providers.settings.SettingsProvider.enforceWritePermission(SettingsProvider.java:2295)
	at com.android.providers.settings.SettingsProvider.mutateGlobalSetting(SettingsProvider.java:1370)
	at com.android.providers.settings.SettingsProvider.deleteGlobalSetting(SettingsProvider.java:1353)
	at com.android.providers.settings.SettingsProvider.call(SettingsProvider.java:582)
	at android.content.ContentProvider.call(ContentProvider.java:2162)
	at android.content.ContentProvider$Transport.call(ContentProvider.java:481)
	at com.android.providers.settings.SettingsService$MyShellCommand.deleteForUser(SettingsService.java:399)
	at com.android.providers.settings.SettingsService$MyShellCommand.onCommand(SettingsService.java:281)
	at android.os.ShellCommand.exec(ShellCommand.java:104)
	at com.android.providers.settings.SettingsService.onShellCommand(SettingsService.java:49)
	at android.os.Binder.shellCommand(Binder.java:881)
	at android.os.Binder.onTransact(Binder.java:765)
	at android.os.Binder.execTransactInternal(Binder.java:1021)
	at android.os.Binder.execTransact(Binder.java:994)
Security exception: Permission denial: writing to settings requires:android.permission.WRITE_SECURE_SETTINGS

java.lang.SecurityException: Permission denial: writing to settings requires:android.permission.WRITE_SECURE_SETTINGS
	at com.android.providers.settings.SettingsProvider.enforceWritePermission(SettingsProvider.java:2295)
	at com.android.providers.settings.SettingsProvider.mutateGlobalSetting(SettingsProvider.java:1370)
	at com.android.providers.settings.SettingsProvider.deleteGlobalSetting(SettingsProvider.java:1353)
	at com.android.providers.settings.SettingsProvider.call(SettingsProvider.java:582)
	at android.content.ContentProvider.call(ContentProvider.java:2162)
	at android.content.ContentProvider$Transport.call(ContentProvider.java:481)
	at com.android.providers.settings.SettingsService$MyShellCommand.deleteForUser(SettingsService.java:399)
	at com.android.providers.settings.SettingsService$MyShellCommand.onCommand(SettingsService.java:281)
	at android.os.ShellCommand.exec(ShellCommand.java:104)
	at com.android.providers.settings.SettingsService.onShellCommand(SettingsService.java:49)
	at android.os.Binder.shellCommand(Binder.java:881)
	at android.os.Binder.onTransact(Binder.java:765)
	at android.os.Binder.execTransactInternal(Binder.java:1021)
	at android.os.Binder.execTransact(Binder.java:994)

    at getResponseForW3CError (C:\Users\00139711\AppData\Roaming\npm\node_modules\appium\node_modules\appium-base-driver\lib\protocol\errors.js:804:9)
    at asyncHandler (C:\Users\00139711\AppData\Roaming\npm\node_modules\appium\node_modules\appium-base-driver\lib\protocol\protocol.js:380:37)
	at org.openqa.selenium.remote.W3CHandshakeResponse.lambda$errorHandler$0(W3CHandshakeResponse.java:62)
	at org.openqa.selenium.remote.HandshakeResponse.lambda$getResponseFunction$0(HandshakeResponse.java:30)
	at org.openqa.selenium.remote.ProtocolHandshake.lambda$createSession$0(ProtocolHandshake.java:126)
	at org.openqa.selenium.remote.ProtocolHandshake.createSession(ProtocolHandshake.java:128)
	at io.appium.java_client.remote.AppiumCommandExecutor$1.createSession(AppiumCommandExecutor.java:186)
	at io.appium.java_client.remote.AppiumCommandExecutor.createSession(AppiumCommandExecutor.java:217)
	at io.appium.java_client.remote.AppiumCommandExecutor.execute(AppiumCommandExecutor.java:239)
	at org.openqa.selenium.remote.RemoteWebDriver.execute(RemoteWebDriver.java:552)
	at io.appium.java_client.DefaultGenericMobileDriver.execute(DefaultGenericMobileDriver.java:42)
	at io.appium.java_client.AppiumDriver.execute(AppiumDriver.java:1)
	at io.appium.java_client.android.AndroidDriver.execute(AndroidDriver.java:1)
	at com.kms.katalon.core.appium.driver.SwipeableAndroidDriver.execute(SwipeableAndroidDriver.java:1)
	at org.openqa.selenium.remote.RemoteWebDriver.startSession(RemoteWebDriver.java:213)
	at org.openqa.selenium.remote.RemoteWebDriver.&lt;init>(RemoteWebDriver.java:131)
	at io.appium.java_client.DefaultGenericMobileDriver.&lt;init>(DefaultGenericMobileDriver.java:38)
	at io.appium.java_client.AppiumDriver.&lt;init>(AppiumDriver.java:84)
	at io.appium.java_client.android.AndroidDriver.&lt;init>(AndroidDriver.java:85)
	at com.kms.katalon.core.appium.driver.SwipeableAndroidDriver.&lt;init>(SwipeableAndroidDriver.java:24)
	at com.kms.katalon.core.appium.driver.AppiumDriverManager.createMobileDriver(AppiumDriverManager.java:503)
	at com.kms.katalon.core.appium.driver.AppiumDriverManager.createMobileDriver(AppiumDriverManager.java:485)
	at com.kms.katalon.core.mobile.keyword.internal.MobileDriverFactory.startMobileDriver(MobileDriverFactory.java:417)
	at com.kms.katalon.core.mobile.keyword.internal.MobileDriverFactory$startMobileDriver.call(Unknown Source)
	at com.kms.katalon.core.mobile.keyword.builtin.StartExistingApplicationKeyword$_startApplication_closure1.doCall(StartExistingApplicationKeyword.groovy:40)
	at com.kms.katalon.core.mobile.keyword.builtin.StartExistingApplicationKeyword$_startApplication_closure1.doCall(StartExistingApplicationKeyword.groovy)
	at com.kms.katalon.core.mobile.keyword.internal.MobileKeywordMain.runKeyword(MobileKeywordMain.groovy:21)
	at com.kms.katalon.core.mobile.keyword.internal.MobileKeywordMain$runKeyword.call(Unknown Source)
	at com.kms.katalon.core.mobile.keyword.builtin.StartExistingApplicationKeyword.startApplication(StartExistingApplicationKeyword.groovy:43)
	at com.kms.katalon.core.mobile.keyword.builtin.StartExistingApplicationKeyword.execute(StartExistingApplicationKeyword.groovy:34)
	at com.kms.katalon.core.keyword.internal.KeywordExecutor.executeKeywordForPlatform(KeywordExecutor.groovy:74)
	at com.kms.katalon.core.mobile.keyword.MobileBuiltInKeywords.startExistingApplication(MobileBuiltInKeywords.groovy:113)
	at com.kms.katalon.core.mobile.keyword.MobileBuiltInKeywords$startExistingApplication.call(Unknown Source)
	at A. Start.run(A. Start:24)
	at com.kms.katalon.core.main.ScriptEngine.run(ScriptEngine.java:194)
	at com.kms.katalon.core.main.ScriptEngine.runScriptAsRawText(ScriptEngine.java:119)
	at com.kms.katalon.core.main.TestCaseExecutor.runScript(TestCaseExecutor.java:448)
	at com.kms.katalon.core.main.TestCaseExecutor.doExecute(TestCaseExecutor.java:439)
	at com.kms.katalon.core.main.TestCaseExecutor.processExecutionPhase(TestCaseExecutor.java:418)
	at com.kms.katalon.core.main.TestCaseExecutor.accessMainPhase(TestCaseExecutor.java:410)
	at com.kms.katalon.core.main.TestCaseExecutor.execute(TestCaseExecutor.java:285)
	at com.kms.katalon.core.main.TestCaseMain.runTestCase(TestCaseMain.java:142)
	at com.kms.katalon.core.keyword.builtin.CallTestCaseKeyword$_callTestCase_closure1.doCall(CallTestCaseKeyword.groovy:59)
	at com.kms.katalon.core.keyword.builtin.CallTestCaseKeyword$_callTestCase_closure1.call(CallTestCaseKeyword.groovy)
	at com.kms.katalon.core.keyword.internal.KeywordMain.runKeyword(KeywordMain.groovy:74)
	at com.kms.katalon.core.keyword.builtin.CallTestCaseKeyword.callTestCase(CallTestCaseKeyword.groovy:81)
	at com.kms.katalon.core.keyword.builtin.CallTestCaseKeyword.execute(CallTestCaseKeyword.groovy:44)
	at com.kms.katalon.core.keyword.internal.KeywordExecutor.executeKeywordForPlatform(KeywordExecutor.groovy:74)
	at com.kms.katalon.core.keyword.BuiltinKeywords.callTestCase(BuiltinKeywords.groovy:334)
	at B. QuickRun.run(B. QuickRun:20)
	... 13 more
)
	at com.kms.katalon.core.keyword.internal.KeywordMain.stepFailed(KeywordMain.groovy:39)
	at com.kms.katalon.core.keyword.internal.KeywordMain.stepFailed(KeywordMain.groovy)
	at com.kms.katalon.core.keyword.internal.KeywordMain.runKeyword(KeywordMain.groovy:76)
	at com.kms.katalon.core.keyword.builtin.CallTestCaseKeyword.callTestCase(CallTestCaseKeyword.groovy:81)
	at com.kms.katalon.core.keyword.builtin.CallTestCaseKeyword.execute(CallTestCaseKeyword.groovy:44)
	at com.kms.katalon.core.keyword.internal.KeywordExecutor.executeKeywordForPlatform(KeywordExecutor.groovy:74)
	at com.kms.katalon.core.keyword.BuiltinKeywords.callTestCase(BuiltinKeywords.groovy:334)
	at B. QuickRun.run(B. QuickRun:20)
	at com.kms.katalon.core.main.ScriptEngine.run(ScriptEngine.java:194)
	at com.kms.katalon.core.main.ScriptEngine.runScriptAsRawText(ScriptEngine.java:119)
	at com.kms.katalon.core.main.TestCaseExecutor.runScript(TestCaseExecutor.java:448)
	at com.kms.katalon.core.main.TestCaseExecutor.doExecute(TestCaseExecutor.java:439)
	at com.kms.katalon.core.main.TestCaseExecutor.processExecutionPhase(TestCaseExecutor.java:418)
	at com.kms.katalon.core.main.TestCaseExecutor.accessMainPhase(TestCaseExecutor.java:410)
	at com.kms.katalon.core.main.TestCaseExecutor.execute(TestCaseExecutor.java:285)
	at com.kms.katalon.core.common.CommonExecutor.accessTestCaseMainPhase(CommonExecutor.java:65)
	at com.kms.katalon.core.main.TestSuiteExecutor.accessTestSuiteMainPhase(TestSuiteExecutor.java:151)
	at com.kms.katalon.core.main.TestSuiteExecutor.execute(TestSuiteExecutor.java:106)
	at com.kms.katalon.core.main.TestCaseMain.startTestSuite(TestCaseMain.java:185)
	at com.kms.katalon.core.main.TestCaseMain$startTestSuite$0.call(Unknown Source)
	at TempTestSuite1671585985110.run(TempTestSuite1671585985110.groovy:36)
Caused by: com.kms.katalon.core.exception.StepFailedException: Call Test Case 'Test Cases/A. Start' failed
	at com.kms.katalon.core.keyword.builtin.CallTestCaseKeyword$_callTestCase_closure1.doCall(CallTestCaseKeyword.groovy:63)
	at com.kms.katalon.core.keyword.builtin.CallTestCaseKeyword$_callTestCase_closure1.call(CallTestCaseKeyword.groovy)
	at com.kms.katalon.core.keyword.internal.KeywordMain.runKeyword(KeywordMain.groovy:74)
	... 18 more
Caused by: com.kms.katalon.core.exception.StepFailedException: Unable to start app with application ID: 'com.maybank2u.life.dev' (Root cause: org.openqa.selenium.SessionNotCreatedException: Unable to create a new remote session. Please check the server log for more details. Original error: An unknown server-side error occurred while processing the command. Original error: Error executing adbExec. Original error: 'Command 'C:\\Users\\00139711\\.katalon\\tools\\android_sdk\\platform-tools\\adb.exe -P 5037 -s N7U869LV456D5S8L shell 'settings delete global hidden_api_policy_pre_p_apps;settings delete global hidden_api_policy_p_apps;settings delete global hidden_api_policy'' exited with code 255'; Command output: Security exception: Permission denial: writing to settings requires:android.permission.WRITE_SECURE_SETTINGS

java.lang.SecurityException: Permission denial: writing to settings requires:android.permission.WRITE_SECURE_SETTINGS
	at com.android.providers.settings.SettingsProvider.enforceWritePermission(SettingsProvider.java:2295)
	at com.android.providers.settings.SettingsProvider.mutateGlobalSetting(SettingsProvider.java:1370)
	at com.android.providers.settings.SettingsProvider.deleteGlobalSetting(SettingsProvider.java:1353)
	at com.android.providers.settings.SettingsProvider.call(SettingsProvider.java:582)
	at android.content.ContentProvider.call(ContentProvider.java:2162)
	at android.content.ContentProvider$Transport.call(ContentProvider.java:481)
	at com.android.providers.settings.SettingsService$MyShellCommand.deleteForUser(SettingsService.java:399)
	at com.android.providers.settings.SettingsService$MyShellCommand.onCommand(SettingsService.java:281)
	at android.os.ShellCommand.exec(ShellCommand.java:104)
	at com.android.providers.settings.SettingsService.onShellCommand(SettingsService.java:49)
	at android.os.Binder.shellCommand(Binder.java:881)
	at android.os.Binder.onTransact(Binder.java:765)
	at android.os.Binder.execTransactInternal(Binder.java:1021)
	at android.os.Binder.execTransact(Binder.java:994)
Security exception: Permission denial: writing to settings requires:android.permission.WRITE_SECURE_SETTINGS

java.lang.SecurityException: Permission denial: writing to settings requires:android.permission.WRITE_SECURE_SETTINGS
	at com.android.providers.settings.SettingsProvider.enforceWritePermission(SettingsProvider.java:2295)
	at com.android.providers.settings.SettingsProvider.mutateGlobalSetting(SettingsProvider.java:1370)
	at com.android.providers.settings.SettingsProvider.deleteGlobalSetting(SettingsProvider.java:1353)
	at com.android.providers.settings.SettingsProvider.call(SettingsProvider.java:582)
	at android.content.ContentProvider.call(ContentProvider.java:2162)
	at android.content.ContentProvider$Transport.call(ContentProvider.java:481)
	at com.android.providers.settings.SettingsService$MyShellCommand.deleteForUser(SettingsService.java:399)
	at com.android.providers.settings.SettingsService$MyShellCommand.onCommand(SettingsService.java:281)
	at android.os.ShellCommand.exec(ShellCommand.java:104)
	at com.android.providers.settings.SettingsService.onShellCommand(SettingsService.java:49)
	at android.os.Binder.shellCommand(Binder.java:881)
	at android.os.Binder.onTransact(Binder.java:765)
	at android.os.Binder.execTransactInternal(Binder.java:1021)
	at android.os.Binder.execTransact(Binder.java:994)
Security exception: Permission denial: writing to settings requires:android.permission.WRITE_SECURE_SETTINGS

java.lang.SecurityException: Permission denial: writing to settings requires:android.permission.WRITE_SECURE_SETTINGS
	at com.android.providers.settings.SettingsProvider.enforceWritePermission(SettingsProvider.java:2295)
	at com.android.providers.settings.SettingsProvider.mutateGlobalSetting(SettingsProvider.java:1370)
	at com.android.providers.settings.SettingsProvider.deleteGlobalSetting(SettingsProvider.java:1353)
	at com.android.providers.settings.SettingsProvider.call(SettingsProvider.java:582)
	at android.content.ContentProvider.call(ContentProvider.java:2162)
	at android.content.ContentProvider$Transport.call(ContentProvider.java:481)
	at com.android.providers.settings.SettingsService$MyShellCommand.deleteForUser(SettingsService.java:399)
	at com.android.providers.settings.SettingsService$MyShellCommand.onCommand(SettingsService.java:281)
	at android.os.ShellCommand.exec(ShellCommand.java:104)
	at com.android.providers.settings.SettingsService.onShellCommand(SettingsService.java:49)
	at android.os.Binder.shellCommand(Binder.java:881)
	at android.os.Binder.onTransact(Binder.java:765)
	at android.os.Binder.execTransactInternal(Binder.java:1021)
	at android.os.Binder.execTransact(Binder.java:994)

Build info: version: '3.141.59', revision: 'e82be7d358', time: '2018-11-14T08:25:53'
System info: host: 'L210605145W10', ip: '172.25.130.201', os.name: 'Windows 10', os.arch: 'amd64', os.version: '10.0', java.version: '1.8.0_282'
Driver info: driver.version: MobileDriverFactory$startMobileDriver
remote stacktrace: UnknownError: An unknown server-side error occurred while processing the command. Original error: Error executing adbExec. Original error: 'Command 'C:\\Users\\00139711\\.katalon\\tools\\android_sdk\\platform-tools\\adb.exe -P 5037 -s N7U869LV456D5S8L shell 'settings delete global hidden_api_policy_pre_p_apps;settings delete global hidden_api_policy_p_apps;settings delete global hidden_api_policy'' exited with code 255'; Command output: Security exception: Permission denial: writing to settings requires:android.permission.WRITE_SECURE_SETTINGS

java.lang.SecurityException: Permission denial: writing to settings requires:android.permission.WRITE_SECURE_SETTINGS
	at com.android.providers.settings.SettingsProvider.enforceWritePermission(SettingsProvider.java:2295)
	at com.android.providers.settings.SettingsProvider.mutateGlobalSetting(SettingsProvider.java:1370)
	at com.android.providers.settings.SettingsProvider.deleteGlobalSetting(SettingsProvider.java:1353)
	at com.android.providers.settings.SettingsProvider.call(SettingsProvider.java:582)
	at android.content.ContentProvider.call(ContentProvider.java:2162)
	at android.content.ContentProvider$Transport.call(ContentProvider.java:481)
	at com.android.providers.settings.SettingsService$MyShellCommand.deleteForUser(SettingsService.java:399)
	at com.android.providers.settings.SettingsService$MyShellCommand.onCommand(SettingsService.java:281)
	at android.os.ShellCommand.exec(ShellCommand.java:104)
	at com.android.providers.settings.SettingsService.onShellCommand(SettingsService.java:49)
	at android.os.Binder.shellCommand(Binder.java:881)
	at android.os.Binder.onTransact(Binder.java:765)
	at android.os.Binder.execTransactInternal(Binder.java:1021)
	at android.os.Binder.execTransact(Binder.java:994)
Security exception: Permission denial: writing to settings requires:android.permission.WRITE_SECURE_SETTINGS

java.lang.SecurityException: Permission denial: writing to settings requires:android.permission.WRITE_SECURE_SETTINGS
	at com.android.providers.settings.SettingsProvider.enforceWritePermission(SettingsProvider.java:2295)
	at com.android.providers.settings.SettingsProvider.mutateGlobalSetting(SettingsProvider.java:1370)
	at com.android.providers.settings.SettingsProvider.deleteGlobalSetting(SettingsProvider.java:1353)
	at com.android.providers.settings.SettingsProvider.call(SettingsProvider.java:582)
	at android.content.ContentProvider.call(ContentProvider.java:2162)
	at android.content.ContentProvider$Transport.call(ContentProvider.java:481)
	at com.android.providers.settings.SettingsService$MyShellCommand.deleteForUser(SettingsService.java:399)
	at com.android.providers.settings.SettingsService$MyShellCommand.onCommand(SettingsService.java:281)
	at android.os.ShellCommand.exec(ShellCommand.java:104)
	at com.android.providers.settings.SettingsService.onShellCommand(SettingsService.java:49)
	at android.os.Binder.shellCommand(Binder.java:881)
	at android.os.Binder.onTransact(Binder.java:765)
	at android.os.Binder.execTransactInternal(Binder.java:1021)
	at android.os.Binder.execTransact(Binder.java:994)
Security exception: Permission denial: writing to settings requires:android.permission.WRITE_SECURE_SETTINGS

java.lang.SecurityException: Permission denial: writing to settings requires:android.permission.WRITE_SECURE_SETTINGS
	at com.android.providers.settings.SettingsProvider.enforceWritePermission(SettingsProvider.java:2295)
	at com.android.providers.settings.SettingsProvider.mutateGlobalSetting(SettingsProvider.java:1370)
	at com.android.providers.settings.SettingsProvider.deleteGlobalSetting(SettingsProvider.java:1353)
	at com.android.providers.settings.SettingsProvider.call(SettingsProvider.java:582)
	at android.content.ContentProvider.call(ContentProvider.java:2162)
	at android.content.ContentProvider$Transport.call(ContentProvider.java:481)
	at com.android.providers.settings.SettingsService$MyShellCommand.deleteForUser(SettingsService.java:399)
	at com.android.providers.settings.SettingsService$MyShellCommand.onCommand(SettingsService.java:281)
	at android.os.ShellCommand.exec(ShellCommand.java:104)
	at com.android.providers.settings.SettingsService.onShellCommand(SettingsService.java:49)
	at android.os.Binder.shellCommand(Binder.java:881)
	at android.os.Binder.onTransact(Binder.java:765)
	at android.os.Binder.execTransactInternal(Binder.java:1021)
	at android.os.Binder.execTransact(Binder.java:994)

    at getResponseForW3CError (C:\Users\00139711\AppData\Roaming\npm\node_modules\appium\node_modules\appium-base-driver\lib\protocol\errors.js:804:9)
    at asyncHandler (C:\Users\00139711\AppData\Roaming\npm\node_modules\appium\node_modules\appium-base-driver\lib\protocol\protocol.js:380:37)
Build info: version: '3.141.59', revision: 'e82be7d358', time: '2018-11-14T08:25:53'
System info: host: 'L210605145W10', ip: '172.25.130.201', os.name: 'Windows 10', os.arch: 'amd64', os.version: '10.0', java.version: '1.8.0_282'
Driver info: driver.version: MobileDriverFactory$startMobileDriver
	at io.appium.java_client.remote.AppiumCommandExecutor$1.createSession(AppiumCommandExecutor.java:208)
	at io.appium.java_client.remote.AppiumCommandExecutor.createSession(AppiumCommandExecutor.java:217)
	at io.appium.java_client.remote.AppiumCommandExecutor.execute(AppiumCommandExecutor.java:239)
	at org.openqa.selenium.remote.RemoteWebDriver.execute(RemoteWebDriver.java:552)
	at io.appium.java_client.DefaultGenericMobileDriver.execute(DefaultGenericMobileDriver.java:42)
	at io.appium.java_client.AppiumDriver.execute(AppiumDriver.java:1)
	at io.appium.java_client.android.AndroidDriver.execute(AndroidDriver.java:1)
	at com.kms.katalon.core.appium.driver.SwipeableAndroidDriver.execute(SwipeableAndroidDriver.java:1)
	at org.openqa.selenium.remote.RemoteWebDriver.startSession(RemoteWebDriver.java:213)
	at org.openqa.selenium.remote.RemoteWebDriver.&lt;init>(RemoteWebDriver.java:131)
	at io.appium.java_client.DefaultGenericMobileDriver.&lt;init>(DefaultGenericMobileDriver.java:38)
	at io.appium.java_client.AppiumDriver.&lt;init>(AppiumDriver.java:84)
	at io.appium.java_client.android.AndroidDriver.&lt;init>(AndroidDriver.java:85)
	at com.kms.katalon.core.appium.driver.SwipeableAndroidDriver.&lt;init>(SwipeableAndroidDriver.java:24)
	at com.kms.katalon.core.appium.driver.AppiumDriverManager.createMobileDriver(AppiumDriverManager.java:503)
	at com.kms.katalon.core.appium.driver.AppiumDriverManager.createMobileDriver(AppiumDriverManager.java:485)
[...]
	at org.openqa.selenium.remote.RemoteWebDriver.<init>(RemoteWebDriver.java:131)
	at io.appium.java_client.DefaultGenericMobileDriver.<init>(DefaultGenericMobileDriver.java:38)
	at io.appium.java_client.AppiumDriver.<init>(AppiumDriver.java:84)
	at io.appium.java_client.android.AndroidDriver.<init>(AndroidDriver.java:85)
	at com.kms.katalon.core.appium.driver.SwipeableAndroidDriver.<init>(SwipeableAndroidDriver.java:24)
	at com.kms.katalon.core.appium.driver.AppiumDriverManager.createMobileDriver(AppiumDriverManager.java:503)
	at com.kms.katalon.core.appium.driver.AppiumDriverManager.createMobileDriver(AppiumDriverManager.java:485)
	at com.kms.katalon.core.mobile.keyword.internal.MobileDriverFactory.startMobileDriver(MobileDriverFactory.java:417)
	at com.kms.katalon.core.mobile.keyword.internal.MobileDriverFactory$startMobileDriver.call(Unknown Source)
	at com.kms.katalon.core.mobile.keyword.builtin.StartExistingApplicationKeyword$_startApplication_closure1.doCall(StartExistingApplicationKeyword.groovy:40)
	at com.kms.katalon.core.mobile.keyword.builtin.StartExistingApplicationKeyword$_startApplication_closure1.doCall(StartExistingApplicationKeyword.groovy)
	at com.kms.katalon.core.mobile.keyword.internal.MobileKeywordMain.runKeyword(MobileKeywordMain.groovy:21)
	... 36 more
Caused by: java.lang.reflect.InvocationTargetException
	at io.appium.java_client.remote.AppiumCommandExecutor$1.createSession(AppiumCommandExecutor.java:186)
	at io.appium.java_client.remote.AppiumCommandExecutor.createSession(AppiumCommandExecutor.java:217)
	at io.appium.java_client.remote.AppiumCommandExecutor.execute(AppiumCommandExecutor.java:239)
	at org.openqa.selenium.remote.RemoteWebDriver.execute(RemoteWebDriver.java:552)
	at io.appium.java_client.DefaultGenericMobileDriver.execute(DefaultGenericMobileDriver.java:42)
	at io.appium.java_client.AppiumDriver.execute(AppiumDriver.java:1)
	at io.appium.java_client.android.AndroidDriver.execute(AndroidDriver.java:1)
	at com.kms.katalon.core.appium.driver.SwipeableAndroidDriver.execute(SwipeableAndroidDriver.java:1)
	at org.openqa.selenium.remote.RemoteWebDriver.startSession(RemoteWebDriver.java:213)
	at org.openqa.selenium.remote.RemoteWebDriver.<init>(RemoteWebDriver.java:131)
	at io.appium.java_client.DefaultGenericMobileDriver.<init>(DefaultGenericMobileDriver.java:38)
	at io.appium.java_client.AppiumDriver.<init>(AppiumDriver.java:84)
	at io.appium.java_client.android.AndroidDriver.<init>(AndroidDriver.java:85)
	at com.kms.katalon.core.appium.driver.SwipeableAndroidDriver.<init>(SwipeableAndroidDriver.java:24)
	at com.kms.katalon.core.appium.driver.AppiumDriverManager.createMobileDriver(AppiumDriverManager.java:503)
	at com.kms.katalon.core.appium.driver.AppiumDriverManager.createMobileDriver(AppiumDriverManager.java:485)
	at com.kms.katalon.core.mobile.keyword.internal.MobileDriverFactory.startMobileDriver(MobileDriverFactory.java:417)
	at com.kms.katalon.core.mobile.keyword.internal.MobileDriverFactory$startMobileDriver.call(Unknown Source)
	at com.kms.katalon.core.mobile.keyword.builtin.StartExistingApplicationKeyword$_startApplication_closure1.doCall(StartExistingApplicationKeyword.groovy:40)
	at com.kms.katalon.core.mobile.keyword.builtin.StartExistingApplicationKeyword$_startApplication_closure1.doCall(StartExistingApplicationKeyword.groovy)
	at com.kms.katalon.core.mobile.keyword.internal.MobileKeywordMain.runKeyword(MobileKeywordMain.groovy:21)
	at com.kms.katalon.core.mobile.keyword.internal.MobileKeywordMain$runKeyword.call(Unknown Source)
	at com.kms.katalon.core.mobile.keyword.builtin.StartExistingApplicationKeyword.startApplication(StartExistingApplicationKeyword.groovy:43)
	at com.kms.katalon.core.mobile.keyword.builtin.StartExistingApplicationKeyword.execute(StartExistingApplicationKeyword.groovy:34)
	at com.kms.katalon.core.keyword.internal.KeywordExecutor.executeKeywordForPlatform(KeywordExecutor.groovy:74)
	at com.kms.katalon.core.mobile.keyword.MobileBuiltInKeywords.startExistingApplication(MobileBuiltInKeywords.groovy:113)
	at com.kms.katalon.core.mobile.keyword.MobileBuiltInKeywords$startExistingApplication.call(Unknown Source)
	at Script1671002817762.run(Script1671002817762.groovy:24)
	at com.kms.katalon.core.main.ScriptEngine.run(ScriptEngine.java:194)
	at com.kms.katalon.core.main.ScriptEngine.runScriptAsRawText(ScriptEngine.java:119)
	at com.kms.katalon.core.main.TestCaseExecutor.runScript(TestCaseExecutor.java:448)
	at com.kms.katalon.core.main.TestCaseExecutor.doExecute(TestCaseExecutor.java:439)
	at com.kms.katalon.core.main.TestCaseExecutor.processExecutionPhase(TestCaseExecutor.java:418)
	at com.kms.katalon.core.main.TestCaseExecutor.accessMainPhase(TestCaseExecutor.java:410)
	at com.kms.katalon.core.main.TestCaseExecutor.execute(TestCaseExecutor.java:285)
	at com.kms.katalon.core.main.TestCaseMain.runTestCase(TestCaseMain.java:142)
	at com.kms.katalon.core.keyword.builtin.CallTestCaseKeyword$_callTestCase_closure1.doCall(CallTestCaseKeyword.groovy:59)
	at com.kms.katalon.core.keyword.builtin.CallTestCaseKeyword$_callTestCase_closure1.call(CallTestCaseKeyword.groovy)
	at com.kms.katalon.core.keyword.internal.KeywordMain.runKeyword(KeywordMain.groovy:74)
	at com.kms.katalon.core.keyword.builtin.CallTestCaseKeyword.callTestCase(CallTestCaseKeyword.groovy:81)
	at com.kms.katalon.core.keyword.builtin.CallTestCaseKeyword.execute(CallTestCaseKeyword.groovy:44)
	at com.kms.katalon.core.keyword.internal.KeywordExecutor.executeKeywordForPlatform(KeywordExecutor.groovy:74)
	at com.kms.katalon.core.keyword.BuiltinKeywords.callTestCase(BuiltinKeywords.groovy:334)
	at Script1671002811921.run(Script1671002811921.groovy:20)
	... 13 more
Caused by: org.openqa.selenium.WebDriverException: An unknown server-side error occurred while processing the command. Original error: Error executing adbExec. Original error: 'Command 'C:\\Users\\00139711\\.katalon\\tools\\android_sdk\\platform-tools\\adb.exe -P 5037 -s N7U869LV456D5S8L shell 'settings delete global hidden_api_policy_pre_p_apps;settings delete global hidden_api_policy_p_apps;settings delete global hidden_api_policy'' exited with code 255'; Command output: Security exception: Permission denial: writing to settings requires:android.permission.WRITE_SECURE_SETTINGS

java.lang.SecurityException: Permission denial: writing to settings requires:android.permission.WRITE_SECURE_SETTINGS
	at com.android.providers.settings.SettingsProvider.enforceWritePermission(SettingsProvider.java:2295)
	at com.android.providers.settings.SettingsProvider.mutateGlobalSetting(SettingsProvider.java:1370)
	at com.android.providers.settings.SettingsProvider.deleteGlobalSetting(SettingsProvider.java:1353)
	at com.android.providers.settings.SettingsProvider.call(SettingsProvider.java:582)
	at android.content.ContentProvider.call(ContentProvider.java:2162)
	at android.content.ContentProvider$Transport.call(ContentProvider.java:481)
	at com.android.providers.settings.SettingsService$MyShellCommand.deleteForUser(SettingsService.java:399)
	at com.android.providers.settings.SettingsService$MyShellCommand.onCommand(SettingsService.java:281)
	at android.os.ShellCommand.exec(ShellCommand.java:104)
	at com.android.providers.settings.SettingsService.onShellCommand(SettingsService.java:49)
	at android.os.Binder.shellCommand(Binder.java:881)
	at android.os.Binder.onTransact(Binder.java:765)
	at android.os.Binder.execTransactInternal(Binder.java:1021)
	at android.os.Binder.execTransact(Binder.java:994)
Security exception: Permission denial: writing to settings requires:android.permission.WRITE_SECURE_SETTINGS

java.lang.SecurityException: Permission denial: writing to settings requires:android.permission.WRITE_SECURE_SETTINGS
	at com.android.providers.settings.SettingsProvider.enforceWritePermission(SettingsProvider.java:2295)
	at com.android.providers.settings.SettingsProvider.mutateGlobalSetting(SettingsProvider.java:1370)
	at com.android.providers.settings.SettingsProvider.deleteGlobalSetting(SettingsProvider.java:1353)
	at com.android.providers.settings.SettingsProvider.call(SettingsProvider.java:582)
	at android.content.ContentProvider.call(ContentProvider.java:2162)
	at android.content.ContentProvider$Transport.call(ContentProvider.java:481)
	at com.android.providers.settings.SettingsService$MyShellCommand.deleteForUser(SettingsService.java:399)
	at com.android.providers.settings.SettingsService$MyShellCommand.onCommand(SettingsService.java:281)
	at android.os.ShellCommand.exec(ShellCommand.java:104)
	at com.android.providers.settings.SettingsService.onShellCommand(SettingsService.java:49)
	at android.os.Binder.shellCommand(Binder.java:881)
	at android.os.Binder.onTransact(Binder.java:765)
	at android.os.Binder.execTransactInternal(Binder.java:1021)
	at android.os.Binder.execTransact(Binder.java:994)
Security exception: Permission denial: writing to settings requires:android.permission.WRITE_SECURE_SETTINGS

java.lang.SecurityException: Permission denial: writing to settings requires:android.permission.WRITE_SECURE_SETTINGS
	at com.android.providers.settings.SettingsProvider.enforceWritePermission(SettingsProvider.java:2295)
	at com.android.providers.settings.SettingsProvider.mutateGlobalSetting(SettingsProvider.java:1370)
	at com.android.providers.settings.SettingsProvider.deleteGlobalSetting(SettingsProvider.java:1353)
	at com.android.providers.settings.SettingsProvider.call(SettingsProvider.java:582)
	at android.content.ContentProvider.call(ContentProvider.java:2162)
	at android.content.ContentProvider$Transport.call(ContentProvider.java:481)
	at com.android.providers.settings.SettingsService$MyShellCommand.deleteForUser(SettingsService.java:399)
	at com.android.providers.settings.SettingsService$MyShellCommand.onCommand(SettingsService.java:281)
	at android.os.ShellCommand.exec(ShellCommand.java:104)
	at com.android.providers.settings.SettingsService.onShellCommand(SettingsService.java:49)
	at android.os.Binder.shellCommand(Binder.java:881)
	at android.os.Binder.onTransact(Binder.java:765)
	at android.os.Binder.execTransactInternal(Binder.java:1021)
	at android.os.Binder.execTransact(Binder.java:994)

Build info: version: '3.141.59', revision: 'e82be7d358', time: '2018-11-14T08:25:53'
System info: host: 'L210605145W10', ip: '172.25.130.201', os.name: 'Windows 10', os.arch: 'amd64', os.version: '10.0', java.version: '1.8.0_282'
Driver info: driver.version: MobileDriverFactory$startMobileDriver
remote stacktrace: UnknownError: An unknown server-side error occurred while processing the command. Original error: Error executing adbExec. Original error: 'Command 'C:\\Users\\00139711\\.katalon\\tools\\android_sdk\\platform-tools\\adb.exe -P 5037 -s N7U869LV456D5S8L shell 'settings delete global hidden_api_policy_pre_p_apps;settings delete global hidden_api_policy_p_apps;settings delete global hidden_api_policy'' exited with code 255'; Command output: Security exception: Permission denial: writing to settings requires:android.permission.WRITE_SECURE_SETTINGS

java.lang.SecurityException: Permission denial: writing to settings requires:android.permission.WRITE_SECURE_SETTINGS
	at com.android.providers.settings.SettingsProvider.enforceWritePermission(SettingsProvider.java:2295)
	at com.android.providers.settings.SettingsProvider.mutateGlobalSetting(SettingsProvider.java:1370)
	at com.android.providers.settings.SettingsProvider.deleteGlobalSetting(SettingsProvider.java:1353)
	at com.android.providers.settings.SettingsProvider.call(SettingsProvider.java:582)
	at android.content.ContentProvider.call(ContentProvider.java:2162)
	at android.content.ContentProvider$Transport.call(ContentProvider.java:481)
	at com.android.providers.settings.SettingsService$MyShellCommand.deleteForUser(SettingsService.java:399)
	at com.android.providers.settings.SettingsService$MyShellCommand.onCommand(SettingsService.java:281)
	at android.os.ShellCommand.exec(ShellCommand.java:104)
	at com.android.providers.settings.SettingsService.onShellCommand(SettingsService.java:49)
	at android.os.Binder.shellCommand(Binder.java:881)
	at android.os.Binder.onTransact(Binder.java:765)
	at android.os.Binder.execTransactInternal(Binder.java:1021)
	at android.os.Binder.execTransact(Binder.java:994)
Security exception: Permission denial: writing to settings requires:android.permission.WRITE_SECURE_SETTINGS

java.lang.SecurityException: Permission denial: writing to settings requires:android.permission.WRITE_SECURE_SETTINGS
	at com.android.providers.settings.SettingsProvider.enforceWritePermission(SettingsProvider.java:2295)
	at com.android.providers.settings.SettingsProvider.mutateGlobalSetting(SettingsProvider.java:1370)
	at com.android.providers.settings.SettingsProvider.deleteGlobalSetting(SettingsProvider.java:1353)
	at com.android.providers.settings.SettingsProvider.call(SettingsProvider.java:582)
	at android.content.ContentProvider.call(ContentProvider.java:2162)
	at android.content.ContentProvider$Transport.call(ContentProvider.java:481)
	at com.android.providers.settings.SettingsService$MyShellCommand.deleteForUser(SettingsService.java:399)
	at com.android.providers.settings.SettingsService$MyShellCommand.onCommand(SettingsService.java:281)
	at android.os.ShellCommand.exec(ShellCommand.java:104)
	at com.android.providers.settings.SettingsService.onShellCommand(SettingsService.java:49)
	at android.os.Binder.shellCommand(Binder.java:881)
	at android.os.Binder.onTransact(Binder.java:765)
	at android.os.Binder.execTransactInternal(Binder.java:1021)
	at android.os.Binder.execTransact(Binder.java:994)
Security exception: Permission denial: writing to settings requires:android.permission.WRITE_SECURE_SETTINGS

java.lang.SecurityException: Permission denial: writing to settings requires:android.permission.WRITE_SECURE_SETTINGS
	at com.android.providers.settings.SettingsProvider.enforceWritePermission(SettingsProvider.java:2295)
	at com.android.providers.settings.SettingsProvider.mutateGlobalSetting(SettingsProvider.java:1370)
	at com.android.providers.settings.SettingsProvider.deleteGlobalSetting(SettingsProvider.java:1353)
	at com.android.providers.settings.SettingsProvider.call(SettingsProvider.java:582)
	at android.content.ContentProvider.call(ContentProvider.java:2162)
	at android.content.ContentProvider$Transport.call(ContentProvider.java:481)
	at com.android.providers.settings.SettingsService$MyShellCommand.deleteForUser(SettingsService.java:399)
	at com.android.providers.settings.SettingsService$MyShellCommand.onCommand(SettingsService.java:281)
	at android.os.ShellCommand.exec(ShellCommand.java:104)
	at com.android.providers.settings.SettingsService.onShellCommand(SettingsService.java:49)
	at android.os.Binder.shellCommand(Binder.java:881)
	at android.os.Binder.onTransact(Binder.java:765)
	at android.os.Binder.execTransactInternal(Binder.java:1021)
	at android.os.Binder.execTransact(Binder.java:994)

    at getResponseForW3CError (C:\Users\00139711\AppData\Roaming\npm\node_modules\appium\node_modules\appium-base-driver\lib\protocol\errors.js:804:9)
    at asyncHandler (C:\Users\00139711\AppData\Roaming\npm\node_modules\appium\node_modules\appium-base-driver\lib\protocol\protocol.js:380:37)
	at org.openqa.selenium.remote.W3CHandshakeResponse.lambda$errorHandler$0(W3CHandshakeResponse.java:62)
	at org.openqa.selenium.remote.HandshakeResponse.lambda$getResponseFunction$0(HandshakeResponse.java:30)
	at org.openqa.selenium.remote.ProtocolHandshake.lambda$createSession$0(ProtocolHandshake.java:126)
	at org.openqa.selenium.remote.ProtocolHandshake.createSession(ProtocolHandshake.java:128)
	at io.appium.java_client.remote.AppiumCommandExecutor$1.createSession(AppiumCommandExecutor.java:186)
	at io.appium.java_client.remote.AppiumCommandExecutor.createSession(AppiumCommandExecutor.java:217)
	at io.appium.java_client.remote.AppiumCommandExecutor.execute(AppiumCommandExecutor.java:239)
	at org.openqa.selenium.remote.RemoteWebDriver.execute(RemoteWebDriver.java:552)
	at io.appium.java_client.DefaultGenericMobileDriver.execute(DefaultGenericMobileDriver.java:42)
	at io.appium.java_client.AppiumDriver.execute(AppiumDriver.java:1)
	at io.appium.java_client.android.AndroidDriver.execute(AndroidDriver.java:1)
	at com.kms.katalon.core.appium.driver.SwipeableAndroidDriver.execute(SwipeableAndroidDriver.java:1)
	at org.openqa.selenium.remote.RemoteWebDriver.startSession(RemoteWebDriver.java:213)
	at org.openqa.selenium.remote.RemoteWebDriver.<init>(RemoteWebDriver.java:131)
	at io.appium.java_client.DefaultGenericMobileDriver.<init>(DefaultGenericMobileDriver.java:38)
	at io.appium.java_client.AppiumDriver.<init>(AppiumDriver.java:84)
	at io.appium.java_client.android.AndroidDriver.<init>(AndroidDriver.java:85)
	at com.kms.katalon.core.appium.driver.SwipeableAndroidDriver.<init>(SwipeableAndroidDriver.java:24)
	at com.kms.katalon.core.appium.driver.AppiumDriverManager.createMobileDriver(AppiumDriverManager.java:503)
	at com.kms.katalon.core.appium.driver.AppiumDriverManager.createMobileDriver(AppiumDriverManager.java:485)
	at com.kms.katalon.core.mobile.keyword.internal.MobileDriverFactory.startMobileDriver(MobileDriverFactory.java:417)
	at com.kms.katalon.core.mobile.keyword.internal.MobileDriverFactory$startMobileDriver.call(Unknown Source)
	at com.kms.katalon.core.mobile.keyword.builtin.StartExistingApplicationKeyword$_startApplication_closure1.doCall(StartExistingApplicationKeyword.groovy:40)
	at com.kms.katalon.core.mobile.keyword.builtin.StartExistingApplicationKeyword$_startApplication_closure1.doCall(StartExistingApplicationKeyword.groovy)
	at com.kms.katalon.core.mobile.keyword.internal.MobileKeywordMain.runKeyword(MobileKeywordMain.groovy:21)
	at com.kms.katalon.core.mobile.keyword.internal.MobileKeywordMain$runKeyword.call(Unknown Source)
	at com.kms.katalon.core.mobile.keyword.builtin.StartExistingApplicationKeyword.startApplication(StartExistingApplicationKeyword.groovy:43)
	at com.kms.katalon.core.mobile.keyword.builtin.StartExistingApplicationKeyword.execute(StartExistingApplicationKeyword.groovy:34)
	at com.kms.katalon.core.keyword.internal.KeywordExecutor.executeKeywordForPlatform(KeywordExecutor.groovy:74)
	at com.kms.katalon.core.mobile.keyword.MobileBuiltInKeywords.startExistingApplication(MobileBuiltInKeywords.groovy:113)
	at com.kms.katalon.core.mobile.keyword.MobileBuiltInKeywords$startExistingApplication.call(Unknown Source)
	at A. Start.run(A. Start:24)
	at com.kms.katalon.core.main.ScriptEngine.run(ScriptEngine.java:194)
	at com.kms.katalon.core.main.ScriptEngine.runScriptAsRawText(ScriptEngine.java:119)
	at com.kms.katalon.core.main.TestCaseExecutor.runScript(TestCaseExecutor.java:448)
	at com.kms.katalon.core.main.TestCaseExecutor.doExecute(TestCaseExecutor.java:439)
	at com.kms.katalon.core.main.TestCaseExecutor.processExecutionPhase(TestCaseExecutor.java:418)
	at com.kms.katalon.core.main.TestCaseExecutor.accessMainPhase(TestCaseExecutor.java:410)
	at com.kms.katalon.core.main.TestCaseExecutor.execute(TestCaseExecutor.java:285)
	at com.kms.katalon.core.main.TestCaseMain.runTestCase(TestCaseMain.java:142)
	at com.kms.katalon.core.keyword.builtin.CallTestCaseKeyword$_callTestCase_closure1.doCall(CallTestCaseKeyword.groovy:59)
	at com.kms.katalon.core.keyword.builtin.CallTestCaseKeyword$_callTestCase_closure1.call(CallTestCaseKeyword.groovy)
	at com.kms.katalon.core.keyword.internal.KeywordMain.runKeyword(KeywordMain.groovy:74)
	at com.kms.katalon.core.keyword.builtin.CallTestCaseKeyword.callTestCase(CallTestCaseKeyword.groovy:81)
	at com.kms.katalon.core.keyword.builtin.CallTestCaseKeyword.execute(CallTestCaseKeyword.groovy:44)
	at com.kms.katalon.core.keyword.internal.KeywordExecutor.executeKeywordForPlatform(KeywordExecutor.groovy:74)
	at com.kms.katalon.core.keyword.BuiltinKeywords.callTestCase(BuiltinKeywords.groovy:334)
	at B. QuickRun.run(B. QuickRun:20)
	... 13 more]]></system-err>
   </testsuite>
</testsuites>
